TN:
SF:src/index.js
FN:47,toggleLanguageDropdown
FN:53,setLanguage
FN:59,filterLanguages
FN:67,bindAllEvents
FN:70,(anonymous_4)
FN:73,(anonymous_5)
FN:74,(anonymous_6)
FN:79,(anonymous_7)
FN:82,(anonymous_8)
FN:83,(anonymous_9)
FN:88,(anonymous_10)
FN:92,(anonymous_11)
FN:95,(anonymous_12)
FN:100,(anonymous_13)
FN:102,(anonymous_14)
FN:107,(anonymous_15)
FN:112,(anonymous_16)
FN:121,(anonymous_17)
FN:129,(anonymous_18)
FN:133,(anonymous_19)
FN:139,(anonymous_20)
FN:147,(anonymous_21)
FN:150,(anonymous_22)
FN:153,(anonymous_23)
FN:157,(anonymous_24)
FN:160,(anonymous_25)
FN:163,(anonymous_26)
FN:167,(anonymous_27)
FN:170,(anonymous_28)
FN:173,(anonymous_29)
FN:177,(anonymous_30)
FN:181,(anonymous_31)
FN:185,(anonymous_32)
FN:195,(anonymous_33)
FN:199,(anonymous_34)
FN:208,(anonymous_35)
FN:209,(anonymous_36)
FN:212,(anonymous_37)
FNF:38
FNH:0
FNDA:0,toggleLanguageDropdown
FNDA:0,setLanguage
FNDA:0,filterLanguages
FNDA:0,bindAllEvents
FNDA:0,(anonymous_4)
FNDA:0,(anonymous_5)
FNDA:0,(anonymous_6)
FNDA:0,(anonymous_7)
FNDA:0,(anonymous_8)
FNDA:0,(anonymous_9)
FNDA:0,(anonymous_10)
FNDA:0,(anonymous_11)
FNDA:0,(anonymous_12)
FNDA:0,(anonymous_13)
FNDA:0,(anonymous_14)
FNDA:0,(anonymous_15)
FNDA:0,(anonymous_16)
FNDA:0,(anonymous_17)
FNDA:0,(anonymous_18)
FNDA:0,(anonymous_19)
FNDA:0,(anonymous_20)
FNDA:0,(anonymous_21)
FNDA:0,(anonymous_22)
FNDA:0,(anonymous_23)
FNDA:0,(anonymous_24)
FNDA:0,(anonymous_25)
FNDA:0,(anonymous_26)
FNDA:0,(anonymous_27)
FNDA:0,(anonymous_28)
FNDA:0,(anonymous_29)
FNDA:0,(anonymous_30)
FNDA:0,(anonymous_31)
FNDA:0,(anonymous_32)
FNDA:0,(anonymous_33)
FNDA:0,(anonymous_34)
FNDA:0,(anonymous_35)
FNDA:0,(anonymous_36)
FNDA:0,(anonymous_37)
DA:48,0
DA:49,0
DA:54,0
DA:55,0
DA:60,0
DA:61,0
DA:69,0
DA:70,0
DA:73,0
DA:74,0
DA:78,0
DA:79,0
DA:82,0
DA:83,0
DA:87,0
DA:88,0
DA:91,0
DA:92,0
DA:94,0
DA:95,0
DA:97,0
DA:101,0
DA:102,0
DA:106,0
DA:107,0
DA:110,0
DA:111,0
DA:112,0
DA:113,0
DA:114,0
DA:119,0
DA:120,0
DA:121,0
DA:122,0
DA:123,0
DA:128,0
DA:129,0
DA:132,0
DA:133,0
DA:136,0
DA:137,0
DA:138,0
DA:139,0
DA:140,0
DA:141,0
DA:146,0
DA:147,0
DA:149,0
DA:150,0
DA:152,0
DA:153,0
DA:156,0
DA:157,0
DA:159,0
DA:160,0
DA:162,0
DA:163,0
DA:166,0
DA:167,0
DA:169,0
DA:170,0
DA:172,0
DA:173,0
DA:176,0
DA:177,0
DA:180,0
DA:181,0
DA:185,0
DA:187,0
DA:188,0
DA:191,0
DA:192,0
DA:195,0
DA:196,0
DA:199,0
DA:200,0
DA:201,0
DA:202,0
DA:203,0
DA:207,0
DA:208,0
DA:209,0
DA:212,0
DA:213,0
DA:217,0
DA:218,0
DA:220,0
DA:224,0
DA:225,0
DA:226,0
DA:227,0
LF:91
LH:0
BRDA:48,0,0,0
BRDA:48,0,1,0
BRDA:54,1,0,0
BRDA:54,1,1,0
BRDA:60,2,0,0
BRDA:60,2,1,0
BRDA:70,3,0,0
BRDA:70,3,1,0
BRDA:79,4,0,0
BRDA:79,4,1,0
BRDA:88,5,0,0
BRDA:88,5,1,0
BRDA:92,6,0,0
BRDA:92,6,1,0
BRDA:95,7,0,0
BRDA:95,7,1,0
BRDA:102,8,0,0
BRDA:102,8,1,0
BRDA:107,9,0,0
BRDA:107,9,1,0
BRDA:111,10,0,0
BRDA:111,10,1,0
BRDA:120,11,0,0
BRDA:120,11,1,0
BRDA:129,12,0,0
BRDA:129,12,1,0
BRDA:133,13,0,0
BRDA:133,13,1,0
BRDA:138,14,0,0
BRDA:138,14,1,0
BRDA:138,15,0,0
BRDA:138,15,1,0
BRDA:147,16,0,0
BRDA:147,16,1,0
BRDA:150,17,0,0
BRDA:150,17,1,0
BRDA:153,18,0,0
BRDA:153,18,1,0
BRDA:157,19,0,0
BRDA:157,19,1,0
BRDA:160,20,0,0
BRDA:160,20,1,0
BRDA:163,21,0,0
BRDA:163,21,1,0
BRDA:167,22,0,0
BRDA:167,22,1,0
BRDA:170,23,0,0
BRDA:170,23,1,0
BRDA:173,24,0,0
BRDA:173,24,1,0
BRDA:177,25,0,0
BRDA:177,25,1,0
BRDA:181,26,0,0
BRDA:181,26,1,0
BRDA:187,27,0,0
BRDA:187,27,1,0
BRDA:213,28,0,0
BRDA:213,28,1,0
BRDA:213,29,0,0
BRDA:213,29,1,0
BRDA:217,30,0,0
BRDA:217,30,1,0
BRF:62
BRH:0
end_of_record
TN:
SF:src/lang-registry.js
FN:250,getLangs
FN:251,(anonymous_1)
FN:254,(anonymous_2)
FN:257,(anonymous_3)
FN:266,getSupportedCodes
FN:267,(anonymous_5)
FN:274,getAllCodes
FN:275,(anonymous_7)
FN:283,getNativeNames
FN:284,(anonymous_9)
FN:295,getEnglishNames
FN:296,(anonymous_11)
FN:306,getLangsByGroup
FN:308,(anonymous_13)
FN:318,getSortedCodes
FN:319,(anonymous_15)
FNF:16
FNH:4
FNDA:1,getLangs
FNDA:24,(anonymous_1)
FNDA:0,(anonymous_2)
FNDA:0,(anonymous_3)
FNDA:0,getSupportedCodes
FNDA:0,(anonymous_5)
FNDA:0,getAllCodes
FNDA:0,(anonymous_7)
FNDA:1,getNativeNames
FNDA:25,(anonymous_9)
FNDA:0,getEnglishNames
FNDA:0,(anonymous_11)
FNDA:0,getLangsByGroup
FNDA:0,(anonymous_13)
FNDA:0,getSortedCodes
FNDA:0,(anonymous_15)
DA:35,1
DA:251,24
DA:252,1
DA:253,0
DA:254,0
DA:256,0
DA:257,0
DA:259,0
DA:267,0
DA:275,0
DA:284,1
DA:285,25
DA:286,25
DA:296,0
DA:297,0
DA:298,0
DA:307,0
DA:308,0
DA:309,0
DA:311,0
DA:319,0
DA:327,1
DA:328,1
DA:341,1
DA:342,1
LF:25
LH:10
BRDA:252,0,0,1
BRDA:252,0,1,0
BRDA:253,1,0,0
BRDA:253,1,1,0
BRDA:256,2,0,0
BRDA:256,2,1,0
BRDA:309,3,0,0
BRDA:309,3,1,0
BRDA:327,4,0,1
BRDA:327,4,1,0
BRDA:327,5,0,1
BRDA:327,5,1,1
BRDA:341,6,0,1
BRDA:341,6,1,0
BRF:14
BRH:5
end_of_record
TN:
SF:src/sw.js
FN:43,(anonymous_0)
FN:47,(anonymous_1)
FN:49,(anonymous_2)
FN:51,(anonymous_3)
FN:55,(anonymous_4)
FN:56,(anonymous_5)
FN:67,(anonymous_6)
FN:73,(anonymous_7)
FN:75,(anonymous_8)
FN:82,(anonymous_9)
FN:90,(anonymous_10)
FN:96,(anonymous_11)
FN:106,(anonymous_12)
FN:119,(anonymous_13)
FN:121,(anonymous_14)
FN:126,(anonymous_15)
FN:128,(anonymous_16)
FN:132,(anonymous_17)
FN:149,(anonymous_18)
FN:155,(anonymous_19)
FN:163,(anonymous_20)
FN:174,(anonymous_21)
FN:180,(anonymous_22)
FN:193,(anonymous_23)
FN:212,(anonymous_24)
FN:223,(anonymous_25)
FN:234,(anonymous_26)
FN:245,trimImageCache
FN:251,(anonymous_28)
FN:259,cacheLanguageFile
FN:268,(anonymous_30)
FN:279,(anonymous_31)
FN:287,clearLanguageCache
FN:291,(anonymous_33)
FN:301,getCacheStatus
FN:305,(anonymous_35)
FN:310,(anonymous_36)
FN:315,(anonymous_37)
FNF:38
FNH:0
FNDA:0,(anonymous_0)
FNDA:0,(anonymous_1)
FNDA:0,(anonymous_2)
FNDA:0,(anonymous_3)
FNDA:0,(anonymous_4)
FNDA:0,(anonymous_5)
FNDA:0,(anonymous_6)
FNDA:0,(anonymous_7)
FNDA:0,(anonymous_8)
FNDA:0,(anonymous_9)
FNDA:0,(anonymous_10)
FNDA:0,(anonymous_11)
FNDA:0,(anonymous_12)
FNDA:0,(anonymous_13)
FNDA:0,(anonymous_14)
FNDA:0,(anonymous_15)
FNDA:0,(anonymous_16)
FNDA:0,(anonymous_17)
FNDA:0,(anonymous_18)
FNDA:0,(anonymous_19)
FNDA:0,(anonymous_20)
FNDA:0,(anonymous_21)
FNDA:0,(anonymous_22)
FNDA:0,(anonymous_23)
FNDA:0,(anonymous_24)
FNDA:0,(anonymous_25)
FNDA:0,(anonymous_26)
FNDA:0,trimImageCache
FNDA:0,(anonymous_28)
FNDA:0,cacheLanguageFile
FNDA:0,(anonymous_30)
FNDA:0,(anonymous_31)
FNDA:0,clearLanguageCache
FNDA:0,(anonymous_33)
FNDA:0,getCacheStatus
FNDA:0,(anonymous_35)
FNDA:0,(anonymous_36)
FNDA:0,(anonymous_37)
DA:4,0
DA:5,0
DA:8,0
DA:11,0
DA:12,0
DA:21,0
DA:34,0
DA:40,0
DA:43,0
DA:44,0
DA:46,0
DA:48,0
DA:49,0
DA:50,0
DA:52,0
DA:54,0
DA:56,0
DA:57,0
DA:67,0
DA:68,0
DA:70,0
DA:72,0
DA:74,0
DA:76,0
DA:77,0
DA:78,0
DA:83,0
DA:84,0
DA:90,0
DA:91,0
DA:94,0
DA:95,0
DA:97,0
DA:98,0
DA:99,0
DA:102,0
DA:103,0
DA:104,0
DA:106,0
DA:108,0
DA:111,0
DA:115,0
DA:119,0
DA:120,0
DA:122,0
DA:125,0
DA:127,0
DA:128,0
DA:130,0
DA:132,0
DA:135,0
DA:136,0
DA:139,0
DA:142,0
DA:147,0
DA:148,0
DA:152,0
DA:155,0
DA:156,0
DA:157,0
DA:158,0
DA:162,0
DA:163,0
DA:165,0
DA:166,0
DA:167,0
DA:171,0
DA:174,0
DA:175,0
DA:178,0
DA:179,0
DA:181,0
DA:184,0
DA:185,0
DA:186,0
DA:190,0
DA:191,0
DA:193,0
DA:194,0
DA:195,0
DA:196,0
DA:198,0
DA:203,0
DA:212,0
DA:213,0
DA:215,0
DA:217,0
DA:218,0
DA:219,0
DA:222,0
DA:223,0
DA:224,0
DA:226,0
DA:229,0
DA:230,0
DA:231,0
DA:234,0
DA:235,0
DA:237,0
DA:240,0
DA:246,0
DA:247,0
DA:248,0
DA:250,0
DA:251,0
DA:254,0
DA:260,0
DA:261,0
DA:262,0
DA:267,0
DA:269,0
DA:270,0
DA:271,0
DA:272,0
DA:273,0
DA:275,0
DA:279,0
DA:281,0
DA:282,0
DA:288,0
DA:289,0
DA:290,0
DA:291,0
DA:292,0
DA:293,0
DA:295,0
DA:296,0
DA:302,0
DA:303,0
DA:304,0
DA:305,0
DA:307,0
DA:312,0
DA:313,0
DA:317,0
DA:321,0
DA:322,0
LF:137
LH:0
BRDA:76,0,0,0
BRDA:76,0,1,0
BRDA:94,1,0,0
BRDA:94,1,1,0
BRDA:98,2,0,0
BRDA:98,2,1,0
BRDA:104,3,0,0
BRDA:104,3,1,0
BRDA:119,4,0,0
BRDA:119,4,1,0
BRDA:127,5,0,0
BRDA:127,5,1,0
BRDA:135,6,0,0
BRDA:135,6,1,0
BRDA:139,7,0,0
BRDA:139,7,1,0
BRDA:147,8,0,0
BRDA:147,8,1,0
BRDA:147,9,0,0
BRDA:147,9,1,0
BRDA:147,9,2,0
BRDA:156,10,0,0
BRDA:156,10,1,0
BRDA:165,11,0,0
BRDA:165,11,1,0
BRDA:165,12,0,0
BRDA:165,12,1,0
BRDA:165,12,2,0
BRDA:184,13,0,0
BRDA:184,13,1,0
BRDA:186,14,0,0
BRDA:186,14,1,0
BRDA:190,15,0,0
BRDA:190,15,1,0
BRDA:194,16,0,0
BRDA:194,16,1,0
BRDA:215,17,0,0
BRDA:215,17,1,0
BRDA:215,17,2,0
BRDA:215,17,3,0
BRDA:215,17,4,0
BRDA:248,18,0,0
BRDA:248,18,1,0
BRDA:270,19,0,0
BRDA:270,19,1,0
BRDA:279,20,0,0
BRDA:279,20,1,0
BRDA:313,21,0,0
BRDA:313,21,1,0
BRDA:317,22,0,0
BRDA:317,22,1,0
BRF:51
BRH:0
end_of_record
TN:
SF:src/assets/common.js
FN:9,debounce
FN:11,executedFunction
FN:12,(anonymous_2)
FN:24,throttle
FN:26,executedFunction
FN:30,(anonymous_5)
FN:38,escapeHtml
FN:54,isValidEmail
FN:62,isValidPhone
FN:72,formatCurrency
FN:90,formatDate
FN:112,formatNumber
FN:119,deepClone
FN:129,(anonymous_13)
FN:146,isEmpty
FN:165,get
FN:182,set
FN:201,sleep
FN:202,(anonymous_18)
FN:208,retry
FN:213,(anonymous_20)
FN:237,parseQueryString
FN:259,buildQueryString
FN:274,isInViewport
FN:287,isPartiallyInViewport
FN:300,getScrollPercentage
FN:309,scrollToElement
FN:317,copyToClipboard
FN:350,downloadFile
FN:365,generateId
FN:372,getLocalStorageItem
FN:392,setLocalStorageItem
FN:407,(anonymous_32)
FN:424,(anonymous_33)
FN:435,(anonymous_34)
FN:445,(anonymous_35)
FN:460,(anonymous_36)
FN:477,(anonymous_37)
FN:488,(anonymous_38)
FN:498,(anonymous_39)
FN:512,isMobile
FN:519,isTablet
FN:526,isDesktop
FN:533,getDeviceType
FN:542,detectBrowser
FN:567,detectOS
FN:592,getBrowserLanguage
FN:599,arraysEqual
FN:616,mergeUniqueArrays
FN:635,removeDuplicates
FN:642,groupBy
FN:643,(anonymous_51)
FN:652,sortBy
FN:653,(anonymous_53)
FNF:54
FNH:13
FNDA:2,debounce
FNDA:4,executedFunction
FNDA:2,(anonymous_2)
FNDA:1,throttle
FNDA:3,executedFunction
FNDA:1,(anonymous_5)
FNDA:3,escapeHtml
FNDA:3,isValidEmail
FNDA:3,isValidPhone
FNDA:3,formatCurrency
FNDA:2,formatDate
FNDA:0,formatNumber
FNDA:0,deepClone
FNDA:0,(anonymous_13)
FNDA:0,isEmpty
FNDA:0,get
FNDA:0,set
FNDA:0,sleep
FNDA:0,(anonymous_18)
FNDA:0,retry
FNDA:0,(anonymous_20)
FNDA:0,parseQueryString
FNDA:0,buildQueryString
FNDA:0,isInViewport
FNDA:0,isPartiallyInViewport
FNDA:0,getScrollPercentage
FNDA:0,scrollToElement
FNDA:0,copyToClipboard
FNDA:0,downloadFile
FNDA:0,generateId
FNDA:3,getLocalStorageItem
FNDA:2,setLocalStorageItem
FNDA:0,(anonymous_32)
FNDA:0,(anonymous_33)
FNDA:0,(anonymous_34)
FNDA:0,(anonymous_35)
FNDA:0,(anonymous_36)
FNDA:0,(anonymous_37)
FNDA:0,(anonymous_38)
FNDA:0,(anonymous_39)
FNDA:0,isMobile
FNDA:0,isTablet
FNDA:0,isDesktop
FNDA:0,getDeviceType
FNDA:0,detectBrowser
FNDA:0,detectOS
FNDA:0,getBrowserLanguage
FNDA:0,arraysEqual
FNDA:0,mergeUniqueArrays
FNDA:0,removeDuplicates
FNDA:0,groupBy
FNDA:0,(anonymous_51)
FNDA:0,sortBy
FNDA:0,(anonymous_53)
DA:11,2
DA:12,4
DA:13,2
DA:14,2
DA:16,4
DA:17,4
DA:26,1
DA:27,3
DA:28,2
DA:29,2
DA:30,2
DA:39,3
DA:40,0
DA:43,3
DA:55,3
DA:56,3
DA:65,3
DA:66,3
DA:73,3
DA:80,3
DA:81,3
DA:91,2
DA:98,2
DA:99,1
DA:106,1
DA:113,0
DA:120,0
DA:121,0
DA:124,0
DA:125,0
DA:128,0
DA:129,0
DA:132,0
DA:133,0
DA:134,0
DA:135,0
DA:136,0
DA:139,0
DA:147,0
DA:148,0
DA:151,0
DA:152,0
DA:155,0
DA:156,0
DA:159,0
DA:166,0
DA:167,0
DA:169,0
DA:170,0
DA:171,0
DA:173,0
DA:176,0
DA:183,0
DA:184,0
DA:186,0
DA:187,0
DA:188,0
DA:189,0
DA:191,0
DA:194,0
DA:195,0
DA:202,0
DA:214,0
DA:218,0
DA:219,0
DA:220,0
DA:222,0
DA:223,0
DA:225,0
DA:226,0
DA:231,0
DA:238,0
DA:239,0
DA:240,0
DA:243,0
DA:244,0
DA:246,0
DA:247,0
DA:248,0
DA:249,0
DA:250,0
DA:253,0
DA:260,0
DA:262,0
DA:263,0
DA:264,0
DA:265,0
DA:268,0
DA:275,0
DA:276,0
DA:288,0
DA:289,0
DA:301,0
DA:302,0
DA:303,0
DA:310,0
DA:311,0
DA:318,0
DA:319,0
DA:320,0
DA:321,0
DA:324,0
DA:328,0
DA:329,0
DA:330,0
DA:331,0
DA:332,0
DA:333,0
DA:334,0
DA:335,0
DA:337,0
DA:338,0
DA:339,0
DA:340,0
DA:342,0
DA:343,0
DA:351,0
DA:352,0
DA:353,0
DA:354,0
DA:355,0
DA:356,0
DA:357,0
DA:358,0
DA:359,0
DA:366,0
DA:373,3
DA:374,3
DA:375,3
DA:376,1
DA:378,2
DA:379,1
DA:380,1
DA:382,0
DA:385,1
DA:387,0
DA:388,0
DA:393,2
DA:394,2
DA:395,2
DA:396,2
DA:398,0
DA:399,0
DA:406,1
DA:408,0
DA:409,0
DA:410,0
DA:411,0
DA:413,0
DA:414,0
DA:416,0
DA:419,0
DA:420,0
DA:425,0
DA:426,0
DA:427,0
DA:428,0
DA:430,0
DA:431,0
DA:436,0
DA:437,0
DA:438,0
DA:440,0
DA:441,0
DA:446,0
DA:447,0
DA:448,0
DA:450,0
DA:451,0
DA:459,1
DA:461,0
DA:462,0
DA:463,0
DA:464,0
DA:466,0
DA:467,0
DA:469,0
DA:472,0
DA:473,0
DA:478,0
DA:479,0
DA:480,0
DA:481,0
DA:483,0
DA:484,0
DA:489,0
DA:490,0
DA:491,0
DA:493,0
DA:494,0
DA:499,0
DA:500,0
DA:501,0
DA:503,0
DA:504,0
DA:513,0
DA:520,0
DA:527,0
DA:534,0
DA:535,0
DA:536,0
DA:543,0
DA:545,0
DA:546,0
DA:548,0
DA:549,0
DA:551,0
DA:552,0
DA:554,0
DA:555,0
DA:557,0
DA:558,0
DA:561,0
DA:568,0
DA:570,0
DA:571,0
DA:573,0
DA:574,0
DA:576,0
DA:577,0
DA:579,0
DA:580,0
DA:582,0
DA:583,0
DA:586,0
DA:593,0
DA:600,0
DA:601,0
DA:604,0
DA:605,0
DA:606,0
DA:610,0
DA:617,0
DA:618,0
DA:620,0
DA:621,0
DA:622,0
DA:623,0
DA:624,0
DA:629,0
DA:636,0
DA:643,0
DA:644,0
DA:645,0
DA:653,0
DA:654,0
DA:655,0
DA:657,0
DA:663,1
DA:664,1
LF:250
LH:40
BRDA:9,0,0,0
BRDA:24,1,0,0
BRDA:27,2,0,2
BRDA:27,2,1,1
BRDA:39,3,0,0
BRDA:39,3,1,3
BRDA:72,4,0,0
BRDA:80,5,0,3
BRDA:80,5,1,0
BRDA:90,6,0,0
BRDA:98,7,0,1
BRDA:98,7,1,1
BRDA:112,8,0,0
BRDA:120,9,0,0
BRDA:120,9,1,0
BRDA:120,10,0,0
BRDA:120,10,1,0
BRDA:124,11,0,0
BRDA:124,11,1,0
BRDA:128,12,0,0
BRDA:128,12,1,0
BRDA:132,13,0,0
BRDA:132,13,1,0
BRDA:135,14,0,0
BRDA:135,14,1,0
BRDA:147,15,0,0
BRDA:147,15,1,0
BRDA:147,16,0,0
BRDA:147,16,1,0
BRDA:151,17,0,0
BRDA:151,17,1,0
BRDA:151,18,0,0
BRDA:151,18,1,0
BRDA:155,19,0,0
BRDA:155,19,1,0
BRDA:165,20,0,0
BRDA:170,21,0,0
BRDA:170,21,1,0
BRDA:170,22,0,0
BRDA:170,22,1,0
BRDA:176,23,0,0
BRDA:176,23,1,0
BRDA:188,24,0,0
BRDA:188,24,1,0
BRDA:208,25,0,0
BRDA:210,26,0,0
BRDA:211,27,0,0
BRDA:212,28,0,0
BRDA:213,29,0,0
BRDA:225,30,0,0
BRDA:225,30,1,0
BRDA:237,31,0,0
BRDA:239,32,0,0
BRDA:239,32,1,0
BRDA:249,33,0,0
BRDA:249,33,1,0
BRDA:264,34,0,0
BRDA:264,34,1,0
BRDA:268,35,0,0
BRDA:268,35,1,0
BRDA:277,36,0,0
BRDA:277,36,1,0
BRDA:277,36,2,0
BRDA:277,36,3,0
BRDA:279,37,0,0
BRDA:279,37,1,0
BRDA:280,38,0,0
BRDA:280,38,1,0
BRDA:290,39,0,0
BRDA:290,39,1,0
BRDA:290,39,2,0
BRDA:290,39,3,0
BRDA:292,40,0,0
BRDA:292,40,1,0
BRDA:293,41,0,0
BRDA:293,41,1,0
BRDA:302,42,0,0
BRDA:302,42,1,0
BRDA:303,43,0,0
BRDA:303,43,1,0
BRDA:309,44,0,0
BRDA:319,45,0,0
BRDA:319,45,1,0
BRDA:319,46,0,0
BRDA:319,46,1,0
BRDA:350,47,0,0
BRDA:365,48,0,0
BRDA:372,49,0,2
BRDA:375,50,0,1
BRDA:375,50,1,2
BRDA:378,51,0,1
BRDA:378,51,1,1
BRDA:392,52,0,1
BRDA:394,53,0,1
BRDA:394,53,1,1
BRDA:394,54,0,2
BRDA:394,54,1,1
BRDA:407,55,0,0
BRDA:410,56,0,0
BRDA:410,56,1,0
BRDA:426,57,0,0
BRDA:426,57,1,0
BRDA:460,58,0,0
BRDA:463,59,0,0
BRDA:463,59,1,0
BRDA:479,60,0,0
BRDA:479,60,1,0
BRDA:520,61,0,0
BRDA:520,61,1,0
BRDA:534,62,0,0
BRDA:534,62,1,0
BRDA:535,63,0,0
BRDA:535,63,1,0
BRDA:545,64,0,0
BRDA:545,64,1,0
BRDA:545,65,0,0
BRDA:545,65,1,0
BRDA:548,66,0,0
BRDA:548,66,1,0
BRDA:548,67,0,0
BRDA:548,67,1,0
BRDA:551,68,0,0
BRDA:551,68,1,0
BRDA:554,69,0,0
BRDA:554,69,1,0
BRDA:557,70,0,0
BRDA:557,70,1,0
BRDA:557,71,0,0
BRDA:557,71,1,0
BRDA:570,72,0,0
BRDA:570,72,1,0
BRDA:573,73,0,0
BRDA:573,73,1,0
BRDA:576,74,0,0
BRDA:576,74,1,0
BRDA:579,75,0,0
BRDA:579,75,1,0
BRDA:582,76,0,0
BRDA:582,76,1,0
BRDA:593,77,0,0
BRDA:593,77,1,0
BRDA:593,77,2,0
BRDA:600,78,0,0
BRDA:600,78,1,0
BRDA:605,79,0,0
BRDA:605,79,1,0
BRDA:622,80,0,0
BRDA:622,80,1,0
BRDA:644,81,0,0
BRDA:644,81,1,0
BRDA:652,82,0,0
BRDA:654,83,0,0
BRDA:654,83,1,0
BRDA:655,84,0,0
BRDA:655,84,1,0
BRDA:657,85,0,0
BRDA:657,85,1,0
BRDA:663,86,0,1
BRDA:663,86,1,0
BRF:159
BRH:17
end_of_record
TN:
SF:src/assets/contacts.js
FN:6,startWhatsApp
FN:7,startLine
FN:8,startPhone
FN:9,startTelegram
FN:10,startEmail
FN:11,startFacebook
FN:12,startInstagram
FN:13,startTwitter
FN:14,startLinkedIn
FN:15,startTikTok
FN:20,showNotification
FN:26,(anonymous_11)
FN:27,(anonymous_12)
FN:29,(anonymous_13)
FN:33,createNotificationContainer
FNF:15
FNH:0
FNDA:0,startWhatsApp
FNDA:0,startLine
FNDA:0,startPhone
FNDA:0,startTelegram
FNDA:0,startEmail
FNDA:0,startFacebook
FNDA:0,startInstagram
FNDA:0,startTwitter
FNDA:0,startLinkedIn
FNDA:0,startTikTok
FNDA:0,showNotification
FNDA:0,(anonymous_11)
FNDA:0,(anonymous_12)
FNDA:0,(anonymous_13)
FNDA:0,createNotificationContainer
DA:6,0
DA:7,0
DA:8,0
DA:9,0
DA:10,0
DA:11,0
DA:12,0
DA:13,0
DA:14,0
DA:15,0
DA:21,0
DA:22,0
DA:23,0
DA:24,0
DA:25,0
DA:26,0
DA:27,0
DA:28,0
DA:29,0
DA:34,0
DA:35,0
DA:36,0
DA:37,0
DA:38,0
LF:24
LH:0
BRDA:20,0,0,0
BRDA:21,1,0,0
BRDA:21,1,1,0
BRDA:23,2,0,0
BRDA:23,2,1,0
BRDA:24,3,0,0
BRDA:24,3,1,0
BRF:7
BRH:0
end_of_record
TN:
SF:src/assets/image-assets.js
FN:12,resolveImage
FN:17,imgTag
FNF:2
FNH:0
FNDA:0,resolveImage
FNDA:0,imgTag
DA:2,0
DA:13,0
DA:18,0
DA:19,0
DA:24,0
DA:33,0
DA:34,0
DA:35,0
DA:36,0
DA:42,0
LF:10
LH:0
BRDA:17,0,0,0
BRDA:17,1,0,0
BRDA:17,2,0,0
BRDA:34,3,0,0
BRDA:34,3,1,0
BRDA:35,4,0,0
BRDA:35,4,1,0
BRF:7
BRH:0
end_of_record
TN:
SF:src/assets/init.js
FN:12,registerServiceWorker
FN:16,(anonymous_1)
FN:20,(anonymous_2)
FN:22,(anonymous_3)
FN:31,(anonymous_4)
FN:42,(anonymous_5)
FN:47,showServiceWorkerUpdateNotification
FN:94,(anonymous_7)
FN:103,(anonymous_8)
FN:131,(anonymous_9)
FN:140,(anonymous_10)
FN:144,(anonymous_11)
FN:154,(anonymous_12)
FN:167,setupProductSectionTracking
FN:171,(anonymous_14)
FN:172,(anonymous_15)
FN:186,(anonymous_16)
FNF:17
FNH:0
FNDA:0,registerServiceWorker
FNDA:0,(anonymous_1)
FNDA:0,(anonymous_2)
FNDA:0,(anonymous_3)
FNDA:0,(anonymous_4)
FNDA:0,(anonymous_5)
FNDA:0,showServiceWorkerUpdateNotification
FNDA:0,(anonymous_7)
FNDA:0,(anonymous_8)
FNDA:0,(anonymous_9)
FNDA:0,(anonymous_10)
FNDA:0,(anonymous_11)
FNDA:0,(anonymous_12)
FNDA:0,setupProductSectionTracking
FNDA:0,(anonymous_14)
FNDA:0,(anonymous_15)
FNDA:0,(anonymous_16)
DA:5,0
DA:10,0
DA:13,0
DA:15,0
DA:17,0
DA:20,0
DA:21,0
DA:22,0
DA:23,0
DA:24,0
DA:31,0
DA:32,0
DA:33,0
DA:38,0
DA:39,0
DA:43,0
DA:49,0
DA:52,0
DA:53,0
DA:54,0
DA:70,0
DA:92,0
DA:94,0
DA:95,0
DA:97,0
DA:98,0
DA:100,0
DA:103,0
DA:104,0
DA:109,0
DA:112,0
DA:131,0
DA:132,0
DA:134,0
DA:135,0
DA:140,0
DA:141,0
DA:144,0
DA:145,0
DA:146,0
DA:148,0
DA:149,0
DA:150,0
DA:154,0
DA:155,0
DA:157,0
DA:158,0
DA:159,0
DA:161,0
DA:162,0
DA:168,0
DA:169,0
DA:171,0
DA:172,0
DA:173,0
DA:177,0
DA:181,0
DA:186,0
DA:187,0
LF:59
LH:0
BRDA:13,0,0,0
BRDA:13,0,1,0
BRDA:23,1,0,0
BRDA:23,1,1,0
BRDA:23,2,0,0
BRDA:23,2,1,0
BRDA:32,3,0,0
BRDA:32,3,1,0
BRDA:38,4,0,0
BRDA:38,4,1,0
BRDA:49,5,0,0
BRDA:49,5,1,0
BRDA:95,6,0,0
BRDA:95,6,1,0
BRDA:95,7,0,0
BRDA:95,7,1,0
BRDA:134,8,0,0
BRDA:134,8,1,0
BRDA:148,9,0,0
BRDA:148,9,1,0
BRDA:161,10,0,0
BRDA:161,10,1,0
BRDA:161,11,0,0
BRDA:161,11,1,0
BRDA:161,11,2,0
BRDA:161,11,3,0
BRDA:169,12,0,0
BRDA:169,12,1,0
BRF:28
BRH:0
end_of_record
TN:
SF:src/assets/main.js
FN:3,(anonymous_0)
FN:8,(anonymous_1)
FN:12,(anonymous_2)
FN:52,(anonymous_3)
FN:56,(anonymous_4)
FN:58,(anonymous_5)
FN:59,(anonymous_6)
FN:63,(anonymous_7)
FN:69,(anonymous_8)
FN:86,(anonymous_9)
FN:99,(anonymous_10)
FN:107,(anonymous_11)
FN:112,(anonymous_12)
FN:113,(anonymous_13)
FN:114,(anonymous_14)
FN:129,(anonymous_15)
FN:130,(anonymous_16)
FN:131,(anonymous_17)
FN:151,(anonymous_18)
FN:155,(anonymous_19)
FN:163,(anonymous_20)
FN:180,(anonymous_21)
FN:184,(anonymous_22)
FN:199,(anonymous_23)
FN:203,(anonymous_24)
FN:205,(anonymous_25)
FN:211,(anonymous_26)
FN:217,(anonymous_27)
FN:221,(anonymous_28)
FN:226,(anonymous_29)
FN:235,(anonymous_30)
FN:244,(anonymous_31)
FN:257,(anonymous_32)
FNF:33
FNH:10
FNDA:11,(anonymous_0)
FNDA:20,(anonymous_1)
FNDA:10,(anonymous_2)
FNDA:1,(anonymous_3)
FNDA:1,(anonymous_4)
FNDA:0,(anonymous_5)
FNDA:0,(anonymous_6)
FNDA:0,(anonymous_7)
FNDA:0,(anonymous_8)
FNDA:0,(anonymous_9)
FNDA:0,(anonymous_10)
FNDA:1,(anonymous_11)
FNDA:1,(anonymous_12)
FNDA:0,(anonymous_13)
FNDA:0,(anonymous_14)
FNDA:0,(anonymous_15)
FNDA:0,(anonymous_16)
FNDA:0,(anonymous_17)
FNDA:1,(anonymous_18)
FNDA:0,(anonymous_19)
FNDA:0,(anonymous_20)
FNDA:0,(anonymous_21)
FNDA:0,(anonymous_22)
FNDA:1,(anonymous_23)
FNDA:1,(anonymous_24)
FNDA:0,(anonymous_25)
FNDA:0,(anonymous_26)
FNDA:0,(anonymous_27)
FNDA:0,(anonymous_28)
FNDA:0,(anonymous_29)
FNDA:0,(anonymous_30)
FNDA:0,(anonymous_31)
FNDA:0,(anonymous_32)
DA:4,11
DA:5,11
DA:9,20
DA:13,10
DA:15,9
DA:17,9
DA:19,9
DA:20,17
DA:21,16
DA:22,16
DA:24,2
DA:25,2
DA:31,9
DA:33,7
DA:34,7
DA:35,6
DA:38,7
DA:41,0
DA:42,0
DA:48,1
DA:53,1
DA:57,1
DA:58,1
DA:59,0
DA:64,0
DA:65,0
DA:66,0
DA:67,0
DA:69,0
DA:70,0
DA:71,0
DA:72,0
DA:73,0
DA:75,0
DA:79,0
DA:80,0
DA:81,0
DA:82,0
DA:88,0
DA:89,0
DA:90,0
DA:91,0
DA:92,0
DA:93,0
DA:96,0
DA:97,0
DA:99,0
DA:100,0
DA:108,1
DA:109,1
DA:113,1
DA:114,0
DA:115,0
DA:116,0
DA:117,0
DA:126,1
DA:129,1
DA:130,0
DA:131,0
DA:132,0
DA:133,0
DA:139,1
DA:140,1
DA:141,0
DA:144,1
DA:145,1
DA:146,0
DA:152,1
DA:155,1
DA:156,0
DA:157,0
DA:158,0
DA:164,0
DA:165,0
DA:168,0
DA:169,0
DA:170,0
DA:171,0
DA:172,0
DA:176,0
DA:177,0
DA:178,0
DA:180,0
DA:181,0
DA:184,0
DA:185,0
DA:187,0
DA:188,0
DA:191,0
DA:200,1
DA:205,1
DA:206,0
DA:207,0
DA:211,1
DA:212,0
DA:213,0
DA:217,1
DA:218,0
DA:221,1
DA:222,0
DA:227,0
DA:228,0
DA:237,0
DA:238,0
DA:241,0
DA:242,0
DA:244,0
DA:245,0
DA:251,1
DA:252,1
DA:253,1
DA:256,1
DA:257,0
DA:259,1
DA:263,1
LF:115
LH:43
BRDA:13,0,0,1
BRDA:13,0,1,9
BRDA:20,1,0,16
BRDA:20,1,1,1
BRDA:31,2,0,7
BRDA:31,2,1,2
BRDA:34,3,0,6
BRDA:34,3,1,1
BRDA:70,4,0,0
BRDA:70,4,1,0
BRDA:72,5,0,0
BRDA:72,5,1,0
BRDA:79,6,0,0
BRDA:79,6,1,0
BRDA:89,7,0,0
BRDA:89,7,1,0
BRDA:115,8,0,0
BRDA:115,8,1,0
BRDA:132,9,0,0
BRDA:132,9,1,0
BRDA:140,10,0,0
BRDA:140,10,1,1
BRDA:145,11,0,0
BRDA:145,11,1,1
BRDA:152,12,0,0
BRDA:152,12,1,1
BRDA:152,13,0,1
BRDA:152,13,1,0
BRDA:154,14,0,1
BRDA:154,14,1,0
BRDA:156,15,0,0
BRDA:156,15,1,0
BRDA:165,16,0,0
BRDA:165,16,1,0
BRDA:169,17,0,0
BRDA:169,17,1,0
BRDA:171,18,0,0
BRDA:171,18,1,0
BRDA:171,19,0,0
BRDA:171,19,1,0
BRDA:171,19,2,0
BRDA:187,20,0,0
BRDA:187,20,1,0
BRDA:227,21,0,0
BRDA:227,21,1,0
BRDA:229,22,0,0
BRDA:229,22,1,0
BRDA:229,23,0,0
BRDA:229,23,1,0
BRDA:239,24,0,0
BRDA:239,24,1,0
BRDA:256,25,0,0
BRDA:256,25,1,1
BRF:53
BRH:14
end_of_record
TN:
SF:src/assets/media-queries.js
FN:19,(anonymous_0)
FN:20,(anonymous_1)
FN:21,(anonymous_2)
FN:22,(anonymous_3)
FNF:4
FNH:0
FNDA:0,(anonymous_0)
FNDA:0,(anonymous_1)
FNDA:0,(anonymous_2)
FNDA:0,(anonymous_3)
DA:5,0
DA:6,0
DA:7,0
DA:8,0
DA:11,0
DA:13,0
DA:15,0
DA:17,0
DA:19,0
DA:20,0
DA:21,0
DA:22,0
LF:12
LH:0
BRF:0
BRH:0
end_of_record
TN:
SF:src/assets/navigation.js
FN:8,setupBackToTopButton
FN:15,(anonymous_1)
FN:34,(anonymous_2)
FN:45,setupNavHighlight
FN:50,calculateSectionPositions
FN:52,(anonymous_5)
FN:64,(anonymous_6)
FN:67,updateActiveNavLink
FN:82,(anonymous_8)
FN:96,(anonymous_9)
FN:101,(anonymous_10)
FN:106,(anonymous_11)
FN:111,(anonymous_12)
FN:112,(anonymous_13)
FN:118,(anonymous_14)
FN:127,(anonymous_15)
FN:128,(anonymous_16)
FN:129,(anonymous_17)
FN:130,(anonymous_18)
FN:145,isMobileMenuOpen
FN:151,setMobileMenuOpen
FN:170,toggleMobileMenu
FN:179,setupMobileMenuAutoClose
FN:180,(anonymous_23)
FN:194,(anonymous_24)
FN:201,ensureMobileMenuClosed
FN:220,initDarkMode
FNF:27
FNH:0
FNDA:0,setupBackToTopButton
FNDA:0,(anonymous_1)
FNDA:0,(anonymous_2)
FNDA:0,setupNavHighlight
FNDA:0,calculateSectionPositions
FNDA:0,(anonymous_5)
FNDA:0,(anonymous_6)
FNDA:0,updateActiveNavLink
FNDA:0,(anonymous_8)
FNDA:0,(anonymous_9)
FNDA:0,(anonymous_10)
FNDA:0,(anonymous_11)
FNDA:0,(anonymous_12)
FNDA:0,(anonymous_13)
FNDA:0,(anonymous_14)
FNDA:0,(anonymous_15)
FNDA:0,(anonymous_16)
FNDA:0,(anonymous_17)
FNDA:0,(anonymous_18)
FNDA:0,isMobileMenuOpen
FNDA:0,setMobileMenuOpen
FNDA:0,toggleMobileMenu
FNDA:0,setupMobileMenuAutoClose
FNDA:0,(anonymous_23)
FNDA:0,(anonymous_24)
FNDA:0,ensureMobileMenuClosed
FNDA:0,initDarkMode
DA:9,0
DA:10,0
DA:13,0
DA:15,0
DA:16,0
DA:17,0
DA:18,0
DA:21,0
DA:22,0
DA:23,0
DA:25,0
DA:26,0
DA:28,0
DA:32,0
DA:33,0
DA:34,0
DA:35,0
DA:36,0
DA:39,0
DA:46,0
DA:47,0
DA:48,0
DA:51,0
DA:52,0
DA:53,0
DA:54,0
DA:55,0
DA:56,0
DA:57,0
DA:64,0
DA:68,0
DA:69,0
DA:70,0
DA:71,0
DA:72,0
DA:73,0
DA:74,0
DA:75,0
DA:78,0
DA:79,0
DA:82,0
DA:83,0
DA:84,0
DA:85,0
DA:86,0
DA:88,0
DA:93,0
DA:96,0
DA:97,0
DA:98,0
DA:101,0
DA:102,0
DA:103,0
DA:106,0
DA:107,0
DA:108,0
DA:111,0
DA:112,0
DA:113,0
DA:114,0
DA:115,0
DA:116,0
DA:117,0
DA:118,0
DA:119,0
DA:120,0
DA:121,0
DA:126,0
DA:127,0
DA:128,0
DA:129,0
DA:130,0
DA:131,0
DA:132,0
DA:134,0
DA:146,0
DA:149,0
DA:152,0
DA:153,0
DA:155,0
DA:157,0
DA:158,0
DA:159,0
DA:160,0
DA:161,0
DA:163,0
DA:164,0
DA:165,0
DA:166,0
DA:171,0
DA:172,0
DA:174,0
DA:175,0
DA:176,0
DA:180,0
DA:181,0
DA:182,0
DA:185,0
DA:187,0
DA:188,0
DA:190,0
DA:194,0
DA:195,0
DA:196,0
DA:202,0
DA:203,0
DA:205,0
DA:206,0
DA:207,0
DA:210,0
DA:211,0
DA:214,0
DA:221,0
DA:222,0
LF:114
LH:0
BRDA:10,0,0,0
BRDA:10,0,1,0
BRDA:22,1,0,0
BRDA:22,1,1,0
BRDA:25,2,0,0
BRDA:25,2,1,0
BRDA:54,3,0,0
BRDA:54,3,1,0
BRDA:56,4,0,0
BRDA:56,4,1,0
BRDA:68,5,0,0
BRDA:68,5,1,0
BRDA:69,6,0,0
BRDA:69,6,1,0
BRDA:73,7,0,0
BRDA:73,7,1,0
BRDA:73,8,0,0
BRDA:73,8,1,0
BRDA:73,8,2,0
BRDA:78,9,0,0
BRDA:78,9,1,0
BRDA:78,10,0,0
BRDA:78,10,1,0
BRDA:84,11,0,0
BRDA:84,11,1,0
BRDA:85,12,0,0
BRDA:85,12,1,0
BRDA:97,13,0,0
BRDA:97,13,1,0
BRDA:115,14,0,0
BRDA:115,14,1,0
BRDA:117,15,0,0
BRDA:117,15,1,0
BRDA:131,16,0,0
BRDA:131,16,1,0
BRDA:155,17,0,0
BRDA:155,17,1,0
BRDA:155,18,0,0
BRDA:155,18,1,0
BRDA:157,19,0,0
BRDA:157,19,1,0
BRDA:172,20,0,0
BRDA:172,20,1,0
BRDA:175,21,0,0
BRDA:175,21,1,0
BRDA:182,22,0,0
BRDA:182,22,1,0
BRDA:182,23,0,0
BRDA:182,23,1,0
BRDA:185,24,0,0
BRDA:185,24,1,0
BRDA:188,25,0,0
BRDA:188,25,1,0
BRDA:188,26,0,0
BRDA:188,26,1,0
BRDA:195,27,0,0
BRDA:195,27,1,0
BRDA:205,28,0,0
BRDA:205,28,1,0
BRDA:210,29,0,0
BRDA:210,29,1,0
BRDA:222,30,0,0
BRDA:222,30,1,0
BRF:63
BRH:0
end_of_record
TN:
SF:src/assets/product-data-table.js
FNF:0
FNH:0
DA:2,0
LF:1
LH:0
BRF:0
BRH:0
end_of_record
TN:
SF:src/assets/product-list.js
FN:48,toArrayValue
FN:56,(anonymous_1)
FN:60,toNullableString
FN:74,modelToImageKey
FN:88,toBooleanOrDefault
FN:101,normalizeProduct
FN:116,getFieldWithI18nKey
FN:121,(anonymous_7)
FN:130,(anonymous_8)
FN:143,(anonymous_9)
FN:236,(anonymous_10)
FN:242,filterValidProducts
FN:244,(anonymous_12)
FN:250,(anonymous_13)
FN:252,(anonymous_14)
FN:261,(anonymous_15)
FN:263,(anonymous_16)
FN:268,withImageUrl
FN:269,(anonymous_18)
FN:271,(anonymous_19)
FN:285,hasTableData
FN:286,(anonymous_21)
FN:289,productIdentityKey
FN:296,mergeSeriesByIdentity
FN:325,(anonymous_24)
FN:328,assembleProductSeries
FNF:26
FNH:0
FNDA:0,toArrayValue
FNDA:0,(anonymous_1)
FNDA:0,toNullableString
FNDA:0,modelToImageKey
FNDA:0,toBooleanOrDefault
FNDA:0,normalizeProduct
FNDA:0,getFieldWithI18nKey
FNDA:0,(anonymous_7)
FNDA:0,(anonymous_8)
FNDA:0,(anonymous_9)
FNDA:0,(anonymous_10)
FNDA:0,filterValidProducts
FNDA:0,(anonymous_12)
FNDA:0,(anonymous_13)
FNDA:0,(anonymous_14)
FNDA:0,(anonymous_15)
FNDA:0,(anonymous_16)
FNDA:0,withImageUrl
FNDA:0,(anonymous_18)
FNDA:0,(anonymous_19)
FNDA:0,hasTableData
FNDA:0,(anonymous_21)
FNDA:0,productIdentityKey
FNDA:0,mergeSeriesByIdentity
FNDA:0,(anonymous_24)
FNDA:0,assembleProductSeries
DA:4,0
DA:6,0
DA:49,0
DA:50,0
DA:51,0
DA:52,0
DA:56,0
DA:61,0
DA:62,0
DA:63,0
DA:75,0
DA:76,0
DA:85,0
DA:89,0
DA:90,0
DA:91,0
DA:93,0
DA:94,0
DA:95,0
DA:96,0
DA:98,0
DA:108,0
DA:113,0
DA:117,0
DA:118,0
DA:119,0
DA:121,0
DA:122,0
DA:123,0
DA:124,0
DA:125,0
DA:127,0
DA:128,0
DA:129,0
DA:130,0
DA:131,0
DA:135,0
DA:136,0
DA:137,0
DA:138,0
DA:140,0
DA:141,0
DA:142,0
DA:143,0
DA:144,0
DA:148,0
DA:151,0
DA:190,0
DA:237,0
DA:243,0
DA:244,0
DA:250,0
DA:253,0
DA:258,0
DA:261,0
DA:264,0
DA:269,0
DA:272,0
DA:273,0
DA:274,0
DA:286,0
DA:290,0
DA:291,0
DA:292,0
DA:293,0
DA:297,0
DA:299,0
DA:300,0
DA:301,0
DA:303,0
DA:304,0
DA:307,0
DA:308,0
DA:309,0
DA:310,0
DA:312,0
DA:313,0
DA:314,0
DA:315,0
DA:318,0
DA:319,0
DA:320,0
DA:325,0
DA:329,0
DA:331,0
DA:335,0
DA:336,0
DA:339,0
LF:88
LH:0
BRDA:4,0,0,0
BRDA:4,0,1,0
BRDA:49,1,0,0
BRDA:49,1,1,0
BRDA:50,2,0,0
BRDA:50,2,1,0
BRDA:51,3,0,0
BRDA:51,3,1,0
BRDA:61,4,0,0
BRDA:61,4,1,0
BRDA:63,5,0,0
BRDA:63,5,1,0
BRDA:75,6,0,0
BRDA:75,6,1,0
BRDA:85,7,0,0
BRDA:85,7,1,0
BRDA:88,8,0,0
BRDA:89,9,0,0
BRDA:89,9,1,0
BRDA:90,10,0,0
BRDA:90,10,1,0
BRDA:91,11,0,0
BRDA:91,11,1,0
BRDA:94,12,0,0
BRDA:94,12,1,0
BRDA:95,13,0,0
BRDA:95,13,1,0
BRDA:95,14,0,0
BRDA:95,14,1,0
BRDA:95,14,2,0
BRDA:95,14,3,0
BRDA:108,15,0,0
BRDA:108,15,1,0
BRDA:108,15,2,0
BRDA:113,16,0,0
BRDA:113,16,1,0
BRDA:113,17,0,0
BRDA:113,17,1,0
BRDA:118,18,0,0
BRDA:118,18,1,0
BRDA:119,19,0,0
BRDA:119,19,1,0
BRDA:119,20,0,0
BRDA:119,20,1,0
BRDA:122,21,0,0
BRDA:122,21,1,0
BRDA:124,22,0,0
BRDA:124,22,1,0
BRDA:125,23,0,0
BRDA:125,23,1,0
BRDA:127,24,0,0
BRDA:127,24,1,0
BRDA:127,25,0,0
BRDA:127,25,1,0
BRDA:128,26,0,0
BRDA:128,26,1,0
BRDA:128,27,0,0
BRDA:128,27,1,0
BRDA:129,28,0,0
BRDA:129,28,1,0
BRDA:129,29,0,0
BRDA:129,29,1,0
BRDA:130,30,0,0
BRDA:130,30,1,0
BRDA:131,31,0,0
BRDA:131,31,1,0
BRDA:135,32,0,0
BRDA:135,32,1,0
BRDA:137,33,0,0
BRDA:137,33,1,0
BRDA:138,34,0,0
BRDA:138,34,1,0
BRDA:140,35,0,0
BRDA:140,35,1,0
BRDA:140,36,0,0
BRDA:140,36,1,0
BRDA:141,37,0,0
BRDA:141,37,1,0
BRDA:141,38,0,0
BRDA:141,38,1,0
BRDA:142,39,0,0
BRDA:142,39,1,0
BRDA:142,40,0,0
BRDA:142,40,1,0
BRDA:143,41,0,0
BRDA:143,41,1,0
BRDA:144,42,0,0
BRDA:144,42,1,0
BRDA:154,43,0,0
BRDA:154,43,1,0
BRDA:161,44,0,0
BRDA:161,44,1,0
BRDA:243,45,0,0
BRDA:243,45,1,0
BRDA:244,46,0,0
BRDA:244,46,1,0
BRDA:244,46,2,0
BRDA:272,47,0,0
BRDA:272,47,1,0
BRDA:273,48,0,0
BRDA:273,48,1,0
BRDA:276,49,0,0
BRDA:276,49,1,0
BRDA:277,50,0,0
BRDA:277,50,1,0
BRDA:286,51,0,0
BRDA:286,51,1,0
BRDA:286,52,0,0
BRDA:286,52,1,0
BRDA:290,53,0,0
BRDA:290,53,1,0
BRDA:290,53,2,0
BRDA:291,54,0,0
BRDA:291,54,1,0
BRDA:292,55,0,0
BRDA:292,55,1,0
BRDA:299,56,0,0
BRDA:299,56,1,0
BRDA:301,57,0,0
BRDA:301,57,1,0
BRDA:303,58,0,0
BRDA:303,58,1,0
BRDA:308,59,0,0
BRDA:308,59,1,0
BRDA:310,60,0,0
BRDA:310,60,1,0
BRDA:312,61,0,0
BRDA:312,61,1,0
BRDA:312,62,0,0
BRDA:312,62,1,0
BRDA:319,63,0,0
BRDA:319,63,1,0
BRDA:331,64,0,0
BRDA:331,64,1,0
BRF:134
BRH:0
end_of_record
TN:
SF:src/assets/product-list.mock.js
FNF:0
FNH:0
DA:2,0
LF:1
LH:0
BRF:0
BRH:0
end_of_record
TN:
SF:src/assets/products.js
FN:7,tr
FN:30,getCategoryI18nKey
FN:36,getAppUtils
FN:40,resolveImage
FN:54,getProducts
FN:65,getItemsPerPage
FN:72,isMobileProductCarousel
FN:77,scheduleRenderProducts
FN:79,(anonymous_8)
FN:86,getMobileProductStepWidth
FN:100,updateMobileProductNavState
FN:121,ensureProductGridShell
FN:140,resetMobileCtrlFadeTimer
FN:147,(anonymous_13)
FN:153,revealMobileControlsOnCenteredCard
FN:169,(anonymous_15)
FN:185,renderMobileProductSideControls
FN:228,(anonymous_17)
FN:229,(anonymous_18)
FN:233,scrollMobileProducts
FN:248,(anonymous_20)
FN:257,updateProductFilterSwipeHint
FN:270,setupProductFilterSwipeHint
FN:281,(anonymous_23)
FN:290,updateProductFilterButtonState
FN:291,(anonymous_25)
FN:306,filterProducts
FN:314,getProductI18nField
FN:325,renderProductFilters
FN:333,(anonymous_29)
FN:350,initFilterBarAndProducts
FN:366,(anonymous_31)
FN:373,(anonymous_32)
FN:380,(anonymous_33)
FN:386,(anonymous_34)
FN:397,(anonymous_35)
FN:402,renderProducts
FN:415,(anonymous_37)
FN:464,(anonymous_38)
FN:465,(anonymous_39)
FN:482,(anonymous_40)
FN:587,(anonymous_41)
FN:589,(anonymous_42)
FN:601,(anonymous_43)
FN:604,(anonymous_44)
FN:605,(anonymous_45)
FN:645,(anonymous_46)
FN:646,(anonymous_47)
FN:650,(anonymous_48)
FN:651,(anonymous_49)
FN:657,renderPagination
FN:671,(anonymous_51)
FN:700,(anonymous_52)
FN:701,(anonymous_53)
FN:706,goToPage
FN:712,(anonymous_55)
FNF:56
FNH:0
FNDA:0,tr
FNDA:0,getCategoryI18nKey
FNDA:0,getAppUtils
FNDA:0,resolveImage
FNDA:0,getProducts
FNDA:0,getItemsPerPage
FNDA:0,isMobileProductCarousel
FNDA:0,scheduleRenderProducts
FNDA:0,(anonymous_8)
FNDA:0,getMobileProductStepWidth
FNDA:0,updateMobileProductNavState
FNDA:0,ensureProductGridShell
FNDA:0,resetMobileCtrlFadeTimer
FNDA:0,(anonymous_13)
FNDA:0,revealMobileControlsOnCenteredCard
FNDA:0,(anonymous_15)
FNDA:0,renderMobileProductSideControls
FNDA:0,(anonymous_17)
FNDA:0,(anonymous_18)
FNDA:0,scrollMobileProducts
FNDA:0,(anonymous_20)
FNDA:0,updateProductFilterSwipeHint
FNDA:0,setupProductFilterSwipeHint
FNDA:0,(anonymous_23)
FNDA:0,updateProductFilterButtonState
FNDA:0,(anonymous_25)
FNDA:0,filterProducts
FNDA:0,getProductI18nField
FNDA:0,renderProductFilters
FNDA:0,(anonymous_29)
FNDA:0,initFilterBarAndProducts
FNDA:0,(anonymous_31)
FNDA:0,(anonymous_32)
FNDA:0,(anonymous_33)
FNDA:0,(anonymous_34)
FNDA:0,(anonymous_35)
FNDA:0,renderProducts
FNDA:0,(anonymous_37)
FNDA:0,(anonymous_38)
FNDA:0,(anonymous_39)
FNDA:0,(anonymous_40)
FNDA:0,(anonymous_41)
FNDA:0,(anonymous_42)
FNDA:0,(anonymous_43)
FNDA:0,(anonymous_44)
FNDA:0,(anonymous_45)
FNDA:0,(anonymous_46)
FNDA:0,(anonymous_47)
FNDA:0,(anonymous_48)
FNDA:0,(anonymous_49)
FNDA:0,renderPagination
FNDA:0,(anonymous_51)
FNDA:0,(anonymous_52)
FNDA:0,(anonymous_53)
FNDA:0,goToPage
FNDA:0,(anonymous_55)
DA:8,0
DA:9,0
DA:15,0
DA:31,0
DA:32,0
DA:37,0
DA:41,0
DA:42,0
DA:46,0
DA:47,0
DA:48,0
DA:49,0
DA:50,0
DA:51,0
DA:55,0
DA:57,0
DA:58,0
DA:60,0
DA:61,0
DA:66,0
DA:67,0
DA:68,0
DA:69,0
DA:73,0
DA:78,0
DA:79,0
DA:80,0
DA:81,0
DA:87,0
DA:88,0
DA:90,0
DA:91,0
DA:93,0
DA:94,0
DA:95,0
DA:96,0
DA:101,0
DA:103,0
DA:104,0
DA:105,0
DA:107,0
DA:109,0
DA:110,0
DA:111,0
DA:112,0
DA:114,0
DA:115,0
DA:116,0
DA:117,0
DA:122,0
DA:123,0
DA:125,0
DA:126,0
DA:127,0
DA:128,0
DA:129,0
DA:130,0
DA:134,0
DA:135,0
DA:136,0
DA:137,0
DA:138,0
DA:141,0
DA:142,0
DA:143,0
DA:144,0
DA:145,0
DA:147,0
DA:148,0
DA:149,0
DA:154,0
DA:156,0
DA:157,0
DA:158,0
DA:160,0
DA:161,0
DA:163,0
DA:164,0
DA:166,0
DA:167,0
DA:169,0
DA:170,0
DA:171,0
DA:172,0
DA:173,0
DA:174,0
DA:175,0
DA:179,0
DA:180,0
DA:181,0
DA:186,0
DA:187,0
DA:189,0
DA:190,0
DA:191,0
DA:192,0
DA:193,0
DA:194,0
DA:195,0
DA:198,0
DA:199,0
DA:200,0
DA:201,0
DA:202,0
DA:203,0
DA:206,0
DA:207,0
DA:226,0
DA:227,0
DA:228,0
DA:229,0
DA:230,0
DA:234,0
DA:235,0
DA:236,0
DA:239,0
DA:240,0
DA:242,0
DA:243,0
DA:244,0
DA:247,0
DA:248,0
DA:249,0
DA:250,0
DA:251,0
DA:252,0
DA:258,0
DA:259,0
DA:260,0
DA:262,0
DA:263,0
DA:264,0
DA:265,0
DA:267,0
DA:271,0
DA:273,0
DA:274,0
DA:276,0
DA:277,0
DA:279,0
DA:280,0
DA:281,0
DA:282,0
DA:286,0
DA:291,0
DA:292,0
DA:293,0
DA:294,0
DA:296,0
DA:297,0
DA:298,0
DA:300,0
DA:301,0
DA:307,0
DA:308,0
DA:309,0
DA:310,0
DA:315,0
DA:316,0
DA:317,0
DA:318,0
DA:319,0
DA:321,0
DA:326,0
DA:327,0
DA:329,0
DA:330,0
DA:331,0
DA:333,0
DA:334,0
DA:335,0
DA:336,0
DA:339,0
DA:340,0
DA:343,0
DA:344,0
DA:346,0
DA:351,0
DA:352,0
DA:353,0
DA:354,0
DA:355,0
DA:357,0
DA:358,0
DA:362,0
DA:366,0
DA:367,0
DA:368,0
DA:369,0
DA:370,0
DA:373,0
DA:374,0
DA:375,0
DA:376,0
DA:380,0
DA:381,0
DA:386,0
DA:387,0
DA:388,0
DA:389,0
DA:390,0
DA:391,0
DA:393,0
DA:394,0
DA:397,0
DA:398,0
DA:403,0
DA:404,0
DA:406,0
DA:407,0
DA:408,0
DA:409,0
DA:410,0
DA:411,0
DA:414,0
DA:415,0
DA:416,0
DA:417,0
DA:418,0
DA:419,0
DA:421,0
DA:422,0
DA:425,0
DA:426,0
DA:428,0
DA:429,0
DA:430,0
DA:431,0
DA:432,0
DA:434,0
DA:464,0
DA:465,0
DA:468,0
DA:469,0
DA:470,0
DA:471,0
DA:478,0
DA:479,0
DA:482,0
DA:483,0
DA:484,0
DA:485,0
DA:486,0
DA:487,0
DA:488,0
DA:489,0
DA:490,0
DA:491,0
DA:492,0
DA:493,0
DA:494,0
DA:495,0
DA:577,0
DA:578,0
DA:579,0
DA:580,0
DA:581,0
DA:582,0
DA:583,0
DA:585,0
DA:586,0
DA:587,0
DA:588,0
DA:589,0
DA:590,0
DA:591,0
DA:594,0
DA:595,0
DA:596,0
DA:598,0
DA:599,0
DA:601,0
DA:602,0
DA:604,0
DA:605,0
DA:606,0
DA:607,0
DA:608,0
DA:611,0
DA:612,0
DA:613,0
DA:615,0
DA:616,0
DA:617,0
DA:618,0
DA:619,0
DA:620,0
DA:621,0
DA:623,0
DA:624,0
DA:625,0
DA:627,0
DA:628,0
DA:629,0
DA:631,0
DA:632,0
DA:633,0
DA:637,0
DA:645,0
DA:646,0
DA:648,0
DA:649,0
DA:650,0
DA:651,0
DA:658,0
DA:659,0
DA:660,0
DA:661,0
DA:664,0
DA:665,0
DA:666,0
DA:669,0
DA:671,0
DA:672,0
DA:673,0
DA:674,0
DA:675,0
DA:676,0
DA:677,0
DA:681,0
DA:682,0
DA:683,0
DA:687,0
DA:688,0
DA:689,0
DA:690,0
DA:691,0
DA:694,0
DA:698,0
DA:700,0
DA:701,0
DA:707,0
DA:708,0
DA:711,0
DA:712,0
DA:713,0
DA:714,0
DA:715,0
DA:716,0
DA:717,0
DA:718,0
LF:341
LH:0
BRDA:8,0,0,0
BRDA:8,0,1,0
BRDA:9,1,0,0
BRDA:9,1,1,0
BRDA:9,2,0,0
BRDA:9,2,1,0
BRDA:32,3,0,0
BRDA:32,3,1,0
BRDA:37,4,0,0
BRDA:37,4,1,0
BRDA:42,5,0,0
BRDA:42,5,1,0
BRDA:55,6,0,0
BRDA:55,6,1,0
BRDA:58,7,0,0
BRDA:58,7,1,0
BRDA:66,8,0,0
BRDA:66,8,1,0
BRDA:67,9,0,0
BRDA:67,9,1,0
BRDA:68,10,0,0
BRDA:68,10,1,0
BRDA:78,11,0,0
BRDA:78,11,1,0
BRDA:88,12,0,0
BRDA:88,12,1,0
BRDA:91,13,0,0
BRDA:91,13,1,0
BRDA:95,14,0,0
BRDA:95,14,1,0
BRDA:95,15,0,0
BRDA:95,15,1,0
BRDA:101,16,0,0
BRDA:101,16,1,0
BRDA:107,17,0,0
BRDA:107,17,1,0
BRDA:107,18,0,0
BRDA:107,18,1,0
BRDA:107,18,2,0
BRDA:114,19,0,0
BRDA:114,19,1,0
BRDA:115,20,0,0
BRDA:115,20,1,0
BRDA:123,21,0,0
BRDA:123,21,1,0
BRDA:142,22,0,0
BRDA:142,22,1,0
BRDA:142,23,0,0
BRDA:142,23,1,0
BRDA:144,24,0,0
BRDA:144,24,1,0
BRDA:149,25,0,0
BRDA:149,25,1,0
BRDA:154,26,0,0
BRDA:154,26,1,0
BRDA:158,27,0,0
BRDA:158,27,1,0
BRDA:158,28,0,0
BRDA:158,28,1,0
BRDA:158,28,2,0
BRDA:161,29,0,0
BRDA:161,29,1,0
BRDA:161,30,0,0
BRDA:161,30,1,0
BRDA:173,31,0,0
BRDA:173,31,1,0
BRDA:180,32,0,0
BRDA:180,32,1,0
BRDA:185,33,0,0
BRDA:187,34,0,0
BRDA:187,34,1,0
BRDA:191,35,0,0
BRDA:191,35,1,0
BRDA:198,36,0,0
BRDA:198,36,1,0
BRDA:199,37,0,0
BRDA:199,37,1,0
BRDA:211,38,0,0
BRDA:211,38,1,0
BRDA:212,39,0,0
BRDA:212,39,1,0
BRDA:219,40,0,0
BRDA:219,40,1,0
BRDA:220,41,0,0
BRDA:220,41,1,0
BRDA:228,42,0,0
BRDA:228,42,1,0
BRDA:229,43,0,0
BRDA:229,43,1,0
BRDA:234,44,0,0
BRDA:234,44,1,0
BRDA:240,45,0,0
BRDA:240,45,1,0
BRDA:250,46,0,0
BRDA:250,46,1,0
BRDA:260,47,0,0
BRDA:260,47,1,0
BRDA:260,48,0,0
BRDA:260,48,1,0
BRDA:265,49,0,0
BRDA:265,49,1,0
BRDA:265,49,2,0
BRDA:271,50,0,0
BRDA:271,50,1,0
BRDA:274,51,0,0
BRDA:274,51,1,0
BRDA:280,52,0,0
BRDA:280,52,1,0
BRDA:293,53,0,0
BRDA:293,53,1,0
BRDA:294,54,0,0
BRDA:294,54,1,0
BRDA:296,55,0,0
BRDA:296,55,1,0
BRDA:314,56,0,0
BRDA:315,57,0,0
BRDA:315,57,1,0
BRDA:316,58,0,0
BRDA:316,58,1,0
BRDA:319,59,0,0
BRDA:319,59,1,0
BRDA:319,60,0,0
BRDA:319,60,1,0
BRDA:327,61,0,0
BRDA:327,61,1,0
BRDA:330,62,0,0
BRDA:330,62,1,0
BRDA:331,63,0,0
BRDA:331,63,1,0
BRDA:334,64,0,0
BRDA:334,64,1,0
BRDA:334,64,2,0
BRDA:336,65,0,0
BRDA:336,65,1,0
BRDA:340,66,0,0
BRDA:340,66,1,0
BRDA:340,67,0,0
BRDA:340,67,1,0
BRDA:351,68,0,0
BRDA:351,68,1,0
BRDA:354,69,0,0
BRDA:354,69,1,0
BRDA:362,70,0,0
BRDA:362,70,1,0
BRDA:368,71,0,0
BRDA:368,71,1,0
BRDA:368,72,0,0
BRDA:368,72,1,0
BRDA:374,73,0,0
BRDA:374,73,1,0
BRDA:381,74,0,0
BRDA:381,74,1,0
BRDA:390,75,0,0
BRDA:390,75,1,0
BRDA:393,76,0,0
BRDA:393,76,1,0
BRDA:404,77,0,0
BRDA:404,77,1,0
BRDA:407,78,0,0
BRDA:407,78,1,0
BRDA:415,79,0,0
BRDA:415,79,1,0
BRDA:418,80,0,0
BRDA:418,80,1,0
BRDA:421,81,0,0
BRDA:421,81,1,0
BRDA:428,82,0,0
BRDA:428,82,1,0
BRDA:429,83,0,0
BRDA:429,83,1,0
BRDA:437,84,0,0
BRDA:437,84,1,0
BRDA:445,85,0,0
BRDA:445,85,1,0
BRDA:446,86,0,0
BRDA:446,86,1,0
BRDA:454,87,0,0
BRDA:454,87,1,0
BRDA:455,88,0,0
BRDA:455,88,1,0
BRDA:468,89,0,0
BRDA:468,89,1,0
BRDA:483,90,0,0
BRDA:483,90,1,0
BRDA:483,91,0,0
BRDA:483,91,1,0
BRDA:484,92,0,0
BRDA:484,92,1,0
BRDA:493,93,0,0
BRDA:493,93,1,0
BRDA:499,94,0,0
BRDA:499,94,1,0
BRDA:504,95,0,0
BRDA:504,95,1,0
BRDA:505,96,0,0
BRDA:505,96,1,0
BRDA:517,97,0,0
BRDA:517,97,1,0
BRDA:526,98,0,0
BRDA:526,98,1,0
BRDA:534,99,0,0
BRDA:534,99,1,0
BRDA:534,100,0,0
BRDA:534,100,1,0
BRDA:534,101,0,0
BRDA:534,101,1,0
BRDA:534,102,0,0
BRDA:534,102,1,0
BRDA:540,103,0,0
BRDA:540,103,1,0
BRDA:540,104,0,0
BRDA:540,104,1,0
BRDA:545,105,0,0
BRDA:545,105,1,0
BRDA:545,106,0,0
BRDA:545,106,1,0
BRDA:553,107,0,0
BRDA:553,107,1,0
BRDA:558,108,0,0
BRDA:558,108,1,0
BRDA:577,109,0,0
BRDA:577,109,1,0
BRDA:582,110,0,0
BRDA:582,110,1,0
BRDA:588,111,0,0
BRDA:588,111,1,0
BRDA:595,112,0,0
BRDA:595,112,1,0
BRDA:598,113,0,0
BRDA:598,113,1,0
BRDA:619,114,0,0
BRDA:619,114,1,0
BRDA:623,115,0,0
BRDA:623,115,1,0
BRDA:627,116,0,0
BRDA:627,116,1,0
BRDA:631,117,0,0
BRDA:631,117,1,0
BRDA:649,118,0,0
BRDA:649,118,1,0
BRDA:657,119,0,0
BRDA:659,120,0,0
BRDA:659,120,1,0
BRDA:664,121,0,0
BRDA:664,121,1,0
BRDA:669,122,0,0
BRDA:669,122,1,0
BRDA:669,123,0,0
BRDA:669,123,1,0
BRDA:671,124,0,0
BRDA:671,124,1,0
BRDA:675,125,0,0
BRDA:675,125,1,0
BRDA:675,126,0,0
BRDA:675,126,1,0
BRDA:676,127,0,0
BRDA:676,127,1,0
BRDA:676,128,0,0
BRDA:676,128,1,0
BRDA:677,129,0,0
BRDA:677,129,1,0
BRDA:677,130,0,0
BRDA:677,130,1,0
BRDA:683,131,0,0
BRDA:683,131,1,0
BRDA:683,132,0,0
BRDA:683,132,1,0
BRDA:688,133,0,0
BRDA:688,133,1,0
BRDA:688,134,0,0
BRDA:688,134,1,0
BRDA:688,134,2,0
BRDA:688,134,3,0
BRDA:689,135,0,0
BRDA:689,135,1,0
BRDA:690,136,0,0
BRDA:690,136,1,0
BRDA:690,137,0,0
BRDA:690,137,1,0
BRDA:694,138,0,0
BRDA:694,138,1,0
BRDA:694,139,0,0
BRDA:694,139,1,0
BRDA:707,140,0,0
BRDA:707,140,1,0
BRDA:712,141,0,0
BRDA:712,141,1,0
BRDA:715,142,0,0
BRDA:715,142,1,0
BRDA:715,143,0,0
BRDA:715,143,1,0
BRF:291
BRH:0
end_of_record
TN:
SF:src/assets/sidebar.js
FN:9,setSecondaryContactsExpanded
FN:35,toggleSecondaryContacts
FN:39,setupSecondaryContactsAutoCollapse
FN:40,(anonymous_3)
FN:48,(anonymous_4)
FN:69,showIndicator
FN:109,(anonymous_6)
FN:115,hideIndicator
FN:121,setupIndicatorPrompt
FN:125,(anonymous_9)
FN:134,(anonymous_10)
FN:149,(anonymous_11)
FN:162,setupJumpingAnimation
FN:169,(anonymous_13)
FN:171,(anonymous_14)
FN:176,stopAllJumping
FN:177,(anonymous_16)
FN:189,gentleStopButton
FN:192,(anonymous_18)
FN:197,(anonymous_19)
FN:201,startNextJump
FN:235,(anonymous_21)
FN:241,startAnimationCycle
FN:248,stopAnimationCycle
FN:253,setupButtonInteractions
FN:254,(anonymous_25)
FN:256,(anonymous_26)
FN:261,(anonymous_27)
FN:265,(anonymous_28)
FN:267,(anonymous_29)
FN:276,setupVisibilityHandler
FN:277,(anonymous_31)
FN:283,init
FN:285,(anonymous_33)
FN:292,(anonymous_34)
FN:298,(anonymous_35)
FN:299,(anonymous_36)
FNF:37
FNH:0
FNDA:0,setSecondaryContactsExpanded
FNDA:0,toggleSecondaryContacts
FNDA:0,setupSecondaryContactsAutoCollapse
FNDA:0,(anonymous_3)
FNDA:0,(anonymous_4)
FNDA:0,showIndicator
FNDA:0,(anonymous_6)
FNDA:0,hideIndicator
FNDA:0,setupIndicatorPrompt
FNDA:0,(anonymous_9)
FNDA:0,(anonymous_10)
FNDA:0,(anonymous_11)
FNDA:0,setupJumpingAnimation
FNDA:0,(anonymous_13)
FNDA:0,(anonymous_14)
FNDA:0,stopAllJumping
FNDA:0,(anonymous_16)
FNDA:0,gentleStopButton
FNDA:0,(anonymous_18)
FNDA:0,(anonymous_19)
FNDA:0,startNextJump
FNDA:0,(anonymous_21)
FNDA:0,startAnimationCycle
FNDA:0,stopAnimationCycle
FNDA:0,setupButtonInteractions
FNDA:0,(anonymous_25)
FNDA:0,(anonymous_26)
FNDA:0,(anonymous_27)
FNDA:0,(anonymous_28)
FNDA:0,(anonymous_29)
FNDA:0,setupVisibilityHandler
FNDA:0,(anonymous_31)
FNDA:0,init
FNDA:0,(anonymous_33)
FNDA:0,(anonymous_34)
FNDA:0,(anonymous_35)
FNDA:0,(anonymous_36)
DA:7,0
DA:10,0
DA:11,0
DA:12,0
DA:14,0
DA:15,0
DA:16,0
DA:18,0
DA:19,0
DA:20,0
DA:21,0
DA:22,0
DA:24,0
DA:25,0
DA:26,0
DA:27,0
DA:30,0
DA:31,0
DA:36,0
DA:40,0
DA:41,0
DA:42,0
DA:43,0
DA:44,0
DA:45,0
DA:48,0
DA:49,0
DA:50,0
DA:57,0
DA:70,0
DA:71,0
DA:73,0
DA:74,0
DA:76,0
DA:77,0
DA:78,0
DA:80,0
DA:81,0
DA:82,0
DA:85,0
DA:86,0
DA:88,0
DA:90,0
DA:91,0
DA:92,0
DA:93,0
DA:94,0
DA:95,0
DA:96,0
DA:100,0
DA:101,0
DA:102,0
DA:105,0
DA:106,0
DA:108,0
DA:109,0
DA:110,0
DA:111,0
DA:116,0
DA:117,0
DA:118,0
DA:122,0
DA:123,0
DA:125,0
DA:126,0
DA:127,0
DA:128,0
DA:129,0
DA:130,0
DA:134,0
DA:135,0
DA:136,0
DA:138,0
DA:139,0
DA:140,0
DA:143,0
DA:144,0
DA:145,0
DA:149,0
DA:150,0
DA:154,0
DA:155,0
DA:156,0
DA:163,0
DA:169,0
DA:170,0
DA:171,0
DA:177,0
DA:178,0
DA:179,0
DA:180,0
DA:181,0
DA:182,0
DA:183,0
DA:186,0
DA:190,0
DA:191,0
DA:192,0
DA:193,0
DA:194,0
DA:195,0
DA:196,0
DA:197,0
DA:202,0
DA:203,0
DA:204,0
DA:206,0
DA:207,0
DA:208,0
DA:209,0
DA:210,0
DA:211,0
DA:212,0
DA:213,0
DA:214,0
DA:215,0
DA:216,0
DA:221,0
DA:223,0
DA:224,0
DA:226,0
DA:230,0
DA:231,0
DA:232,0
DA:233,0
DA:235,0
DA:236,0
DA:237,0
DA:242,0
DA:243,0
DA:244,0
DA:245,0
DA:249,0
DA:250,0
DA:254,0
DA:255,0
DA:256,0
DA:257,0
DA:258,0
DA:259,0
DA:261,0
DA:262,0
DA:263,0
DA:265,0
DA:266,0
DA:267,0
DA:268,0
DA:269,0
DA:270,0
DA:277,0
DA:278,0
DA:279,0
DA:284,0
DA:285,0
DA:286,0
DA:288,0
DA:289,0
DA:290,0
DA:291,0
DA:292,0
DA:293,0
DA:294,0
DA:295,0
DA:298,0
DA:299,0
DA:302,0
DA:303,0
LF:167
LH:0
BRDA:12,0,0,0
BRDA:12,0,1,0
BRDA:12,1,0,0
BRDA:12,1,1,0
BRDA:15,2,0,0
BRDA:15,2,1,0
BRDA:18,3,0,0
BRDA:18,3,1,0
BRDA:20,4,0,0
BRDA:20,4,1,0
BRDA:21,5,0,0
BRDA:21,5,1,0
BRDA:25,6,0,0
BRDA:25,6,1,0
BRDA:26,7,0,0
BRDA:26,7,1,0
BRDA:30,8,0,0
BRDA:30,8,1,0
BRDA:30,9,0,0
BRDA:30,9,1,0
BRDA:41,10,0,0
BRDA:41,10,1,0
BRDA:43,11,0,0
BRDA:43,11,1,0
BRDA:44,12,0,0
BRDA:44,12,1,0
BRDA:49,13,0,0
BRDA:49,13,1,0
BRDA:71,14,0,0
BRDA:71,14,1,0
BRDA:74,15,0,0
BRDA:74,15,1,0
BRDA:74,16,0,0
BRDA:74,16,1,0
BRDA:76,17,0,0
BRDA:76,17,1,0
BRDA:77,18,0,0
BRDA:77,18,1,0
BRDA:78,19,0,0
BRDA:78,19,1,0
BRDA:78,20,0,0
BRDA:78,20,1,0
BRDA:85,21,0,0
BRDA:85,21,1,0
BRDA:86,22,0,0
BRDA:86,22,1,0
BRDA:90,23,0,0
BRDA:90,23,1,0
BRDA:91,24,0,0
BRDA:91,24,1,0
BRDA:92,25,0,0
BRDA:92,25,1,0
BRDA:94,26,0,0
BRDA:94,26,1,0
BRDA:94,27,0,0
BRDA:94,27,1,0
BRDA:95,28,0,0
BRDA:95,28,1,0
BRDA:105,29,0,0
BRDA:105,29,1,0
BRDA:108,30,0,0
BRDA:108,30,1,0
BRDA:117,31,0,0
BRDA:117,31,1,0
BRDA:128,32,0,0
BRDA:128,32,1,0
BRDA:136,33,0,0
BRDA:136,33,1,0
BRDA:139,34,0,0
BRDA:139,34,1,0
BRDA:139,35,0,0
BRDA:139,35,1,0
BRDA:139,35,2,0
BRDA:144,36,0,0
BRDA:144,36,1,0
BRDA:154,37,0,0
BRDA:154,37,1,0
BRDA:169,38,0,0
BRDA:169,38,1,0
BRDA:178,39,0,0
BRDA:178,39,1,0
BRDA:180,40,0,0
BRDA:180,40,1,0
BRDA:181,41,0,0
BRDA:181,41,1,0
BRDA:182,42,0,0
BRDA:182,42,1,0
BRDA:190,43,0,0
BRDA:190,43,1,0
BRDA:194,44,0,0
BRDA:194,44,1,0
BRDA:195,45,0,0
BRDA:195,45,1,0
BRDA:196,46,0,0
BRDA:196,46,1,0
BRDA:202,47,0,0
BRDA:202,47,1,0
BRDA:204,48,0,0
BRDA:204,48,1,0
BRDA:211,49,0,0
BRDA:211,49,1,0
BRDA:213,50,0,0
BRDA:213,50,1,0
BRDA:213,50,2,0
BRDA:213,50,3,0
BRDA:214,51,0,0
BRDA:214,51,1,0
BRDA:214,52,0,0
BRDA:214,52,1,0
BRDA:221,53,0,0
BRDA:221,53,1,0
BRDA:224,54,0,0
BRDA:224,54,1,0
BRDA:232,55,0,0
BRDA:232,55,1,0
BRDA:232,56,0,0
BRDA:232,56,1,0
BRDA:236,57,0,0
BRDA:236,57,1,0
BRDA:236,58,0,0
BRDA:236,58,1,0
BRDA:243,59,0,0
BRDA:243,59,1,0
BRDA:249,60,0,0
BRDA:249,60,1,0
BRDA:255,61,0,0
BRDA:255,61,1,0
BRDA:278,62,0,0
BRDA:278,62,1,0
BRDA:284,63,0,0
BRDA:284,63,1,0
BRDA:293,64,0,0
BRDA:293,64,1,0
BRDA:293,65,0,0
BRDA:293,65,1,0
BRF:135
BRH:0
end_of_record
TN:
SF:src/assets/smart-popup.js
FN:8,isTestEnvironment
FN:23,loadUserState
FN:37,saveUserState
FN:41,trackScrollDepth
FN:47,trackTimeOnPage
FN:55,tr
FN:60,getCurrentLanguage
FN:65,applyPopupVisibility
FN:108,(anonymous_8)
FN:117,(anonymous_9)
FN:122,(anonymous_10)
FN:128,(anonymous_11)
FN:134,(anonymous_12)
FN:140,(anonymous_13)
FN:146,(anonymous_14)
FN:158,(anonymous_15)
FN:159,(anonymous_16)
FN:177,(anonymous_17)
FN:181,(anonymous_18)
FN:184,(anonymous_19)
FN:202,(anonymous_20)
FN:218,(anonymous_21)
FN:225,(anonymous_22)
FN:226,(anonymous_23)
FN:231,(anonymous_24)
FN:249,(anonymous_25)
FN:254,(anonymous_26)
FN:260,(anonymous_27)
FN:263,(anonymous_28)
FN:282,(anonymous_29)
FN:288,(anonymous_30)
FN:300,(anonymous_31)
FN:323,(anonymous_32)
FN:329,(anonymous_33)
FN:347,(anonymous_34)
FN:354,(anonymous_35)
FN:360,(anonymous_36)
FN:368,(anonymous_37)
FN:379,showSmartPopupManual
FN:383,closeSmartPopup
FN:390,submitSmartPopupForm
FN:420,(anonymous_41)
FN:425,(anonymous_42)
FN:429,submitContactForm
FN:465,submitViaMailto
FNF:45
FNH:0
FNDA:0,isTestEnvironment
FNDA:0,loadUserState
FNDA:0,saveUserState
FNDA:0,trackScrollDepth
FNDA:0,trackTimeOnPage
FNDA:0,tr
FNDA:0,getCurrentLanguage
FNDA:0,applyPopupVisibility
FNDA:0,(anonymous_8)
FNDA:0,(anonymous_9)
FNDA:0,(anonymous_10)
FNDA:0,(anonymous_11)
FNDA:0,(anonymous_12)
FNDA:0,(anonymous_13)
FNDA:0,(anonymous_14)
FNDA:0,(anonymous_15)
FNDA:0,(anonymous_16)
FNDA:0,(anonymous_17)
FNDA:0,(anonymous_18)
FNDA:0,(anonymous_19)
FNDA:0,(anonymous_20)
FNDA:0,(anonymous_21)
FNDA:0,(anonymous_22)
FNDA:0,(anonymous_23)
FNDA:0,(anonymous_24)
FNDA:0,(anonymous_25)
FNDA:0,(anonymous_26)
FNDA:0,(anonymous_27)
FNDA:0,(anonymous_28)
FNDA:0,(anonymous_29)
FNDA:0,(anonymous_30)
FNDA:0,(anonymous_31)
FNDA:0,(anonymous_32)
FNDA:0,(anonymous_33)
FNDA:0,(anonymous_34)
FNDA:0,(anonymous_35)
FNDA:0,(anonymous_36)
FNDA:0,(anonymous_37)
FNDA:0,showSmartPopupManual
FNDA:0,closeSmartPopup
FNDA:0,submitSmartPopupForm
FNDA:0,(anonymous_41)
FNDA:0,(anonymous_42)
FNDA:0,submitContactForm
FNDA:0,submitViaMailto
DA:9,0
DA:10,0
DA:16,0
DA:24,0
DA:25,0
DA:26,0
DA:27,0
DA:28,0
DA:29,0
DA:30,0
DA:32,0
DA:34,0
DA:38,0
DA:42,0
DA:43,0
DA:44,0
DA:48,0
DA:49,0
DA:56,0
DA:57,0
DA:61,0
DA:66,0
DA:67,0
DA:68,0
DA:69,0
DA:70,0
DA:73,0
DA:109,0
DA:110,0
DA:111,0
DA:112,0
DA:113,0
DA:114,0
DA:118,0
DA:119,0
DA:123,0
DA:124,0
DA:125,0
DA:129,0
DA:130,0
DA:131,0
DA:135,0
DA:136,0
DA:137,0
DA:141,0
DA:142,0
DA:143,0
DA:147,0
DA:148,0
DA:149,0
DA:150,0
DA:151,0
DA:152,0
DA:153,0
DA:154,0
DA:155,0
DA:159,0
DA:160,0
DA:161,0
DA:162,0
DA:164,0
DA:165,0
DA:168,0
DA:169,0
DA:173,0
DA:174,0
DA:178,0
DA:179,0
DA:181,0
DA:182,0
DA:183,0
DA:184,0
DA:185,0
DA:188,0
DA:189,0
DA:190,0
DA:193,0
DA:194,0
DA:196,0
DA:197,0
DA:199,0
DA:200,0
DA:201,0
DA:202,0
DA:203,0
DA:204,0
DA:205,0
DA:206,0
DA:207,0
DA:211,0
DA:212,0
DA:213,0
DA:219,0
DA:220,0
DA:222,0
DA:223,0
DA:225,0
DA:226,0
DA:227,0
DA:228,0
DA:229,0
DA:230,0
DA:231,0
DA:232,0
DA:233,0
DA:234,0
DA:235,0
DA:236,0
DA:239,0
DA:240,0
DA:241,0
DA:246,0
DA:250,0
DA:254,0
DA:255,0
DA:257,0
DA:260,0
DA:264,0
DA:266,0
DA:267,0
DA:268,0
DA:270,0
DA:271,0
DA:272,0
DA:275,0
DA:277,0
DA:278,0
DA:283,0
DA:284,0
DA:285,0
DA:289,0
DA:290,0
DA:292,0
DA:293,0
DA:294,0
DA:297,0
DA:301,0
DA:302,0
DA:303,0
DA:305,0
DA:306,0
DA:307,0
DA:308,0
DA:309,0
DA:311,0
DA:314,0
DA:315,0
DA:317,0
DA:318,0
DA:319,0
DA:320,0
DA:324,0
DA:325,0
DA:326,0
DA:330,0
DA:331,0
DA:332,0
DA:335,0
DA:337,0
DA:338,0
DA:341,0
DA:342,0
DA:343,0
DA:346,0
DA:347,0
DA:348,0
DA:349,0
DA:350,0
DA:355,0
DA:356,0
DA:358,0
DA:359,0
DA:360,0
DA:361,0
DA:363,0
DA:368,0
DA:369,0
DA:370,0
DA:371,0
DA:373,0
DA:380,0
DA:384,0
DA:391,0
DA:392,0
DA:393,0
DA:394,0
DA:411,0
DA:412,0
DA:413,0
DA:418,0
DA:419,0
DA:420,0
DA:422,0
DA:423,0
DA:424,0
DA:425,0
DA:430,0
DA:431,0
DA:432,0
DA:433,0
DA:451,0
DA:452,0
DA:453,0
DA:458,0
DA:460,0
DA:461,0
DA:466,0
DA:467,0
DA:489,0
LF:209
LH:0
BRDA:10,0,0,0
BRDA:10,0,1,0
BRDA:10,0,2,0
BRDA:10,0,3,0
BRDA:25,1,0,0
BRDA:25,1,1,0
BRDA:56,2,0,0
BRDA:56,2,1,0
BRDA:57,3,0,0
BRDA:57,3,1,0
BRDA:57,4,0,0
BRDA:57,4,1,0
BRDA:61,5,0,0
BRDA:61,5,1,0
BRDA:61,5,2,0
BRDA:69,6,0,0
BRDA:69,6,1,0
BRDA:69,7,0,0
BRDA:69,7,1,0
BRDA:70,8,0,0
BRDA:70,8,1,0
BRDA:70,9,0,0
BRDA:70,9,1,0
BRDA:119,10,0,0
BRDA:119,10,1,0
BRDA:123,11,0,0
BRDA:123,11,1,0
BRDA:123,12,0,0
BRDA:123,12,1,0
BRDA:124,13,0,0
BRDA:124,13,1,0
BRDA:130,14,0,0
BRDA:130,14,1,0
BRDA:136,15,0,0
BRDA:136,15,1,0
BRDA:137,16,0,0
BRDA:137,16,1,0
BRDA:141,17,0,0
BRDA:141,17,1,0
BRDA:147,18,0,0
BRDA:147,18,1,0
BRDA:148,19,0,0
BRDA:148,19,1,0
BRDA:149,20,0,0
BRDA:149,20,1,0
BRDA:150,21,0,0
BRDA:150,21,1,0
BRDA:151,22,0,0
BRDA:151,22,1,0
BRDA:151,23,0,0
BRDA:151,23,1,0
BRDA:152,24,0,0
BRDA:152,24,1,0
BRDA:153,25,0,0
BRDA:153,25,1,0
BRDA:154,26,0,0
BRDA:154,26,1,0
BRDA:164,27,0,0
BRDA:164,27,1,0
BRDA:168,28,0,0
BRDA:168,28,1,0
BRDA:168,29,0,0
BRDA:168,29,1,0
BRDA:183,30,0,0
BRDA:183,30,1,0
BRDA:189,31,0,0
BRDA:189,31,1,0
BRDA:194,32,0,0
BRDA:194,32,1,0
BRDA:199,33,0,0
BRDA:199,33,1,0
BRDA:200,34,0,0
BRDA:200,34,1,0
BRDA:200,35,0,0
BRDA:200,35,1,0
BRDA:204,36,0,0
BRDA:204,36,1,0
BRDA:211,37,0,0
BRDA:211,37,1,0
BRDA:220,38,0,0
BRDA:220,38,1,0
BRDA:227,39,0,0
BRDA:227,39,1,0
BRDA:228,40,0,0
BRDA:228,40,1,0
BRDA:230,41,0,0
BRDA:230,41,1,0
BRDA:233,42,0,0
BRDA:233,42,1,0
BRDA:239,43,0,0
BRDA:239,43,1,0
BRDA:250,44,0,0
BRDA:250,44,1,0
BRDA:264,45,0,0
BRDA:264,45,1,0
BRDA:267,46,0,0
BRDA:267,46,1,0
BRDA:270,47,0,0
BRDA:270,47,1,0
BRDA:275,48,0,0
BRDA:275,48,1,0
BRDA:277,49,0,0
BRDA:277,49,1,0
BRDA:284,50,0,0
BRDA:284,50,1,0
BRDA:290,51,0,0
BRDA:290,51,1,0
BRDA:293,52,0,0
BRDA:293,52,1,0
BRDA:300,53,0,0
BRDA:301,54,0,0
BRDA:303,55,0,0
BRDA:303,55,1,0
BRDA:303,56,0,0
BRDA:303,56,1,0
BRDA:305,57,0,0
BRDA:305,57,1,0
BRDA:306,58,0,0
BRDA:306,58,1,0
BRDA:329,59,0,0
BRDA:330,60,0,0
BRDA:330,61,0,0
BRDA:332,62,0,0
BRDA:332,62,1,0
BRDA:337,63,0,0
BRDA:337,63,1,0
BRDA:341,64,0,0
BRDA:341,64,1,0
BRDA:355,65,0,0
BRDA:355,65,1,0
BRDA:359,66,0,0
BRDA:359,66,1,0
BRDA:361,67,0,0
BRDA:361,67,1,0
BRDA:369,68,0,0
BRDA:369,68,1,0
BRDA:371,69,0,0
BRDA:371,69,1,0
BRDA:371,70,0,0
BRDA:371,70,1,0
BRDA:393,71,0,0
BRDA:393,71,1,0
BRDA:407,72,0,0
BRDA:407,72,1,0
BRDA:408,73,0,0
BRDA:408,73,1,0
BRDA:432,74,0,0
BRDA:432,74,1,0
BRDA:435,75,0,0
BRDA:435,75,1,0
BRDA:436,76,0,0
BRDA:436,76,1,0
BRDA:437,77,0,0
BRDA:437,77,1,0
BRDA:438,78,0,0
BRDA:438,78,1,0
BRDA:439,79,0,0
BRDA:439,79,1,0
BRDA:440,80,0,0
BRDA:440,80,1,0
BRDA:447,81,0,0
BRDA:447,81,1,0
BRDA:448,82,0,0
BRDA:448,82,1,0
BRDA:466,83,0,0
BRDA:466,83,1,0
BRDA:471,84,0,0
BRDA:471,84,1,0
BRDA:472,85,0,0
BRDA:472,85,1,0
BRDA:483,86,0,0
BRDA:483,86,1,0
BRDA:484,87,0,0
BRDA:484,87,1,0
BRF:174
BRH:0
end_of_record
TN:
SF:src/assets/translations.js
FN:11,(anonymous_0)
FN:31,(anonymous_1)
FN:46,(anonymous_2)
FN:75,(anonymous_3)
FN:102,(anonymous_4)
FN:144,(anonymous_5)
FN:181,(anonymous_6)
FN:192,(anonymous_7)
FN:234,(anonymous_8)
FN:278,(anonymous_9)
FN:288,(anonymous_10)
FN:318,(anonymous_11)
FN:322,(anonymous_12)
FN:333,(anonymous_13)
FN:337,(anonymous_14)
FN:343,(anonymous_15)
FN:353,(anonymous_16)
FN:358,(anonymous_17)
FN:361,(anonymous_18)
FN:372,(anonymous_19)
FN:384,(anonymous_20)
FN:385,(anonymous_21)
FN:414,(anonymous_22)
FN:427,(anonymous_23)
FN:437,(anonymous_24)
FN:438,(anonymous_25)
FN:439,(anonymous_26)
FN:469,(anonymous_27)
FN:481,(anonymous_28)
FN:482,(anonymous_29)
FN:502,(anonymous_30)
FN:515,(anonymous_31)
FN:526,(anonymous_32)
FN:527,(anonymous_33)
FN:528,(anonymous_34)
FN:541,(anonymous_35)
FN:548,(anonymous_36)
FN:562,(anonymous_37)
FN:589,(anonymous_38)
FN:591,(anonymous_39)
FN:599,(anonymous_40)
FN:606,(anonymous_41)
FN:617,(anonymous_42)
FN:624,(anonymous_43)
FN:638,(anonymous_44)
FN:642,(anonymous_45)
FN:645,(anonymous_46)
FN:655,(anonymous_47)
FN:667,(anonymous_48)
FN:689,(anonymous_49)
FN:697,(anonymous_50)
FN:719,(anonymous_51)
FN:728,(anonymous_52)
FN:737,(anonymous_53)
FN:748,(anonymous_54)
FN:776,(anonymous_55)
FN:783,(anonymous_56)
FN:790,(anonymous_57)
FN:802,(anonymous_58)
FN:826,(anonymous_59)
FN:833,(anonymous_60)
FN:842,(anonymous_61)
FN:849,(anonymous_62)
FN:851,(anonymous_63)
FN:854,(anonymous_64)
FN:871,(anonymous_65)
FN:941,(anonymous_66)
FN:954,(anonymous_67)
FN:961,(anonymous_68)
FN:968,(anonymous_69)
FN:971,(anonymous_70)
FN:978,(anonymous_71)
FN:989,(anonymous_72)
FN:993,(anonymous_73)
FN:1001,(anonymous_74)
FN:1006,(anonymous_75)
FN:1016,(anonymous_76)
FN:1037,(anonymous_77)
FN:1061,(anonymous_78)
FN:1070,(anonymous_79)
FN:1092,(anonymous_80)
FN:1096,(anonymous_81)
FN:1131,(anonymous_82)
FN:1182,loadTranslations
FN:1186,t
FN:1190,applyTranslations
FN:1194,setLanguage
FN:1198,toggleLanguageDropdown
FN:1202,filterLanguages
FN:1206,setupLanguageSystem
FN:1217,(anonymous_90)
FN:1218,(anonymous_91)
FNF:92
FNH:37
FNDA:17,(anonymous_0)
FNDA:23,(anonymous_1)
FNDA:1,(anonymous_2)
FNDA:1,(anonymous_3)
FNDA:7,(anonymous_4)
FNDA:15,(anonymous_5)
FNDA:0,(anonymous_6)
FNDA:0,(anonymous_7)
FNDA:0,(anonymous_8)
FNDA:0,(anonymous_9)
FNDA:0,(anonymous_10)
FNDA:0,(anonymous_11)
FNDA:0,(anonymous_12)
FNDA:0,(anonymous_13)
FNDA:0,(anonymous_14)
FNDA:0,(anonymous_15)
FNDA:0,(anonymous_16)
FNDA:0,(anonymous_17)
FNDA:0,(anonymous_18)
FNDA:0,(anonymous_19)
FNDA:0,(anonymous_20)
FNDA:0,(anonymous_21)
FNDA:0,(anonymous_22)
FNDA:0,(anonymous_23)
FNDA:5,(anonymous_24)
FNDA:0,(anonymous_25)
FNDA:0,(anonymous_26)
FNDA:4,(anonymous_27)
FNDA:1,(anonymous_28)
FNDA:1,(anonymous_29)
FNDA:0,(anonymous_30)
FNDA:1,(anonymous_31)
FNDA:0,(anonymous_32)
FNDA:0,(anonymous_33)
FNDA:0,(anonymous_34)
FNDA:0,(anonymous_35)
FNDA:0,(anonymous_36)
FNDA:2,(anonymous_37)
FNDA:15,(anonymous_38)
FNDA:0,(anonymous_39)
FNDA:1,(anonymous_40)
FNDA:13,(anonymous_41)
FNDA:12,(anonymous_42)
FNDA:24,(anonymous_43)
FNDA:0,(anonymous_44)
FNDA:5,(anonymous_45)
FNDA:0,(anonymous_46)
FNDA:2,(anonymous_47)
FNDA:2,(anonymous_48)
FNDA:0,(anonymous_49)
FNDA:11,(anonymous_50)
FNDA:6,(anonymous_51)
FNDA:4,(anonymous_52)
FNDA:2,(anonymous_53)
FNDA:0,(anonymous_54)
FNDA:10,(anonymous_55)
FNDA:0,(anonymous_56)
FNDA:10,(anonymous_57)
FNDA:13,(anonymous_58)
FNDA:0,(anonymous_59)
FNDA:0,(anonymous_60)
FNDA:3,(anonymous_61)
FNDA:19,(anonymous_62)
FNDA:3,(anonymous_63)
FNDA:6,(anonymous_64)
FNDA:0,(anonymous_65)
FNDA:0,(anonymous_66)
FNDA:0,(anonymous_67)
FNDA:5,(anonymous_68)
FNDA:0,(anonymous_69)
FNDA:0,(anonymous_70)
FNDA:4,(anonymous_71)
FNDA:5,(anonymous_72)
FNDA:0,(anonymous_73)
FNDA:0,(anonymous_74)
FNDA:0,(anonymous_75)
FNDA:0,(anonymous_76)
FNDA:0,(anonymous_77)
FNDA:0,(anonymous_78)
FNDA:6,(anonymous_79)
FNDA:5,(anonymous_80)
FNDA:0,(anonymous_81)
FNDA:1,(anonymous_82)
FNDA:0,loadTranslations
FNDA:0,t
FNDA:0,applyTranslations
FNDA:0,setLanguage
FNDA:0,toggleLanguageDropdown
FNDA:0,filterLanguages
FNDA:0,setupLanguageSystem
FNDA:0,(anonymous_90)
FNDA:0,(anonymous_91)
DA:5,1
DA:8,1
DA:12,17
DA:13,17
DA:14,17
DA:15,17
DA:16,17
DA:17,17
DA:18,17
DA:19,17
DA:20,17
DA:33,23
DA:34,23
DA:35,14
DA:38,9
DA:50,1
DA:55,0
DA:58,1
DA:59,0
DA:62,1
DA:63,1
DA:65,1
DA:66,1
DA:68,1
DA:76,1
DA:78,1
DA:81,0
DA:82,0
DA:85,0
DA:87,0
DA:89,1
DA:91,1
DA:92,0
DA:94,1
DA:103,7
DA:104,7
DA:105,1
DA:108,6
DA:110,6
DA:111,0
DA:114,6
DA:118,6
DA:119,0
DA:122,6
DA:123,0
DA:126,6
DA:127,6
DA:128,6
DA:129,6
DA:131,0
DA:133,0
DA:134,0
DA:136,0
DA:145,15
DA:146,15
DA:147,2
DA:150,13
DA:151,13
DA:154,13
DA:155,0
DA:157,13
DA:160,13
DA:161,5
DA:162,5
DA:165,8
DA:166,8
DA:167,8
DA:169,0
DA:171,0
DA:172,0
DA:174,0
DA:182,0
DA:193,0
DA:196,0
DA:197,0
DA:200,0
DA:201,0
DA:204,0
DA:205,0
DA:210,0
DA:211,0
DA:212,0
DA:213,0
DA:215,0
DA:216,0
DA:219,0
DA:221,0
DA:223,0
DA:224,0
DA:227,0
DA:235,0
DA:236,0
DA:237,0
DA:238,0
DA:239,0
DA:251,0
DA:270,0
DA:272,0
DA:279,0
DA:280,0
DA:281,0
DA:289,0
DA:290,0
DA:291,0
DA:292,0
DA:293,0
DA:307,0
DA:310,0
DA:312,0
DA:319,0
DA:320,0
DA:321,0
DA:322,0
DA:323,0
DA:324,0
DA:334,0
DA:337,0
DA:338,0
DA:339,0
DA:343,0
DA:346,0
DA:349,0
DA:350,0
DA:353,0
DA:354,0
DA:358,0
DA:361,0
DA:362,0
DA:363,0
DA:373,0
DA:376,0
DA:377,0
DA:380,0
DA:381,0
DA:384,0
DA:385,0
DA:386,0
DA:387,0
DA:391,0
DA:392,0
DA:393,0
DA:394,0
DA:395,0
DA:397,0
DA:399,0
DA:400,0
DA:405,0
DA:407,0
DA:408,0
DA:410,0
DA:413,0
DA:414,0
DA:419,0
DA:424,0
DA:427,0
DA:428,0
DA:431,0
DA:438,5
DA:439,0
DA:440,0
DA:441,0
DA:442,0
DA:443,0
DA:448,5
DA:455,5
DA:457,5
DA:458,0
DA:461,5
DA:471,4
DA:472,4
DA:473,3
DA:477,1
DA:478,0
DA:481,1
DA:482,1
DA:483,1
DA:484,1
DA:485,1
DA:487,0
DA:488,0
DA:493,1
DA:495,1
DA:496,0
DA:498,0
DA:501,0
DA:502,0
DA:507,0
DA:512,1
DA:515,1
DA:516,1
DA:519,1
DA:527,0
DA:528,0
DA:529,0
DA:530,0
DA:534,0
DA:535,0
DA:542,0
DA:549,0
DA:563,2
DA:571,2
DA:572,2
DA:573,4
DA:574,4
DA:575,4
DA:578,2
DA:579,2
DA:580,4
DA:581,4
DA:585,2
DA:586,2
DA:590,15
DA:591,0
DA:594,15
DA:595,1
DA:598,14
DA:599,14
DA:600,1
DA:601,1
DA:603,14
DA:607,13
DA:609,12
DA:610,12
DA:611,12
DA:612,12
DA:614,12
DA:618,12
DA:619,11
DA:621,12
DA:625,24
DA:626,9
DA:627,9
DA:628,9
DA:629,9
DA:630,9
DA:631,9
DA:632,9
DA:633,9
DA:635,24
DA:639,0
DA:643,5
DA:645,5
DA:646,0
DA:649,5
DA:656,2
DA:657,0
DA:658,0
DA:660,0
DA:662,2
DA:663,2
DA:669,2
DA:670,2
DA:671,2
DA:672,2
DA:673,2
DA:677,1
DA:678,1
DA:679,1
DA:680,0
DA:681,0
DA:685,1
DA:686,1
DA:690,0
DA:691,0
DA:692,0
DA:693,0
DA:694,0
DA:698,11
DA:700,11
DA:701,11
DA:702,1
DA:705,11
DA:706,11
DA:707,1
DA:710,10
DA:715,10
DA:716,10
DA:717,10
DA:719,10
DA:721,6
DA:722,6
DA:724,3
DA:728,10
DA:729,4
DA:730,4
DA:731,4
DA:732,2
DA:737,10
DA:738,2
DA:739,2
DA:740,2
DA:741,1
DA:742,1
DA:748,10
DA:749,0
DA:750,0
DA:751,0
DA:752,0
DA:757,10
DA:758,0
DA:759,0
DA:760,0
DA:765,10
DA:766,10
DA:768,10
DA:770,0
DA:772,0
DA:777,10
DA:778,10
DA:779,4
DA:781,10
DA:783,4
DA:784,0
DA:785,0
DA:791,10
DA:792,10
DA:794,0
DA:795,0
DA:797,0
DA:798,0
DA:804,13
DA:805,4
DA:806,4
DA:807,2
DA:808,2
DA:809,2
DA:810,0
DA:816,13
DA:817,9
DA:818,9
DA:819,2
DA:820,2
DA:823,11
DA:828,0
DA:829,0
DA:830,0
DA:831,0
DA:833,0
DA:834,0
DA:835,0
DA:836,0
DA:843,3
DA:844,2
DA:846,3
DA:850,19
DA:851,19
DA:855,6
DA:857,6
DA:858,0
DA:862,6
DA:863,1
DA:864,1
DA:867,5
DA:869,5
DA:872,0
DA:877,4
DA:878,4
DA:881,4
DA:884,4
DA:887,4
DA:890,4
DA:898,4
DA:901,4
DA:904,4
DA:905,0
DA:906,0
DA:907,0
DA:910,4
DA:917,1
DA:920,1
DA:921,1
DA:922,1
DA:923,1
DA:924,0
DA:927,0
DA:928,0
DA:929,0
DA:933,0
DA:934,0
DA:942,0
DA:943,0
DA:944,0
DA:946,0
DA:947,0
DA:948,0
DA:950,0
DA:955,0
DA:956,0
DA:957,0
DA:962,5
DA:963,5
DA:964,0
DA:969,0
DA:970,0
DA:971,0
DA:972,0
DA:973,0
DA:974,0
DA:979,4
DA:980,4
DA:982,0
DA:983,0
DA:984,0
DA:986,0
DA:990,5
DA:993,5
DA:994,0
DA:995,0
DA:1000,5
DA:1001,0
DA:1002,0
DA:1006,0
DA:1007,0
DA:1008,0
DA:1009,0
DA:1017,0
DA:1018,0
DA:1019,0
DA:1020,0
DA:1022,0
DA:1023,0
DA:1024,0
DA:1026,0
DA:1027,0
DA:1028,0
DA:1030,0
DA:1031,0
DA:1032,0
DA:1035,0
DA:1036,0
DA:1037,0
DA:1038,0
DA:1039,0
DA:1040,0
DA:1042,0
DA:1043,0
DA:1044,0
DA:1050,0
DA:1053,0
DA:1054,0
DA:1056,0
DA:1062,0
DA:1063,0
DA:1064,0
DA:1065,0
DA:1066,0
DA:1067,0
DA:1071,6
DA:1073,6
DA:1074,1
DA:1075,1
DA:1079,6
DA:1082,6
DA:1085,6
DA:1088,5
DA:1092,5
DA:1093,5
DA:1097,0
DA:1101,5
DA:1102,5
DA:1105,5
DA:1108,5
DA:1111,5
DA:1114,5
DA:1117,1
DA:1120,1
DA:1121,1
DA:1122,1
DA:1123,0
DA:1124,0
DA:1126,1
DA:1133,1
DA:1136,1
DA:1175,1
DA:1179,1
DA:1183,0
DA:1187,0
DA:1191,0
DA:1195,0
DA:1199,0
DA:1203,0
DA:1207,0
DA:1214,1
DA:1217,1
DA:1218,1
DA:1221,1
DA:1222,1
DA:1223,1
DA:1224,1
DA:1225,1
LF:490
LH:244
BRDA:5,0,0,0
BRDA:5,0,1,1
BRDA:5,1,0,1
BRDA:5,1,1,1
BRDA:34,2,0,14
BRDA:34,2,1,9
BRDA:34,3,0,23
BRDA:34,3,1,14
BRDA:50,4,0,0
BRDA:50,4,1,1
BRDA:51,5,0,1
BRDA:51,5,1,0
BRDA:51,5,2,0
BRDA:58,6,0,0
BRDA:58,6,1,1
BRDA:91,7,0,0
BRDA:91,7,1,1
BRDA:104,8,0,1
BRDA:104,8,1,6
BRDA:110,9,0,0
BRDA:110,9,1,6
BRDA:118,10,0,0
BRDA:118,10,1,6
BRDA:122,11,0,0
BRDA:122,11,1,6
BRDA:133,12,0,0
BRDA:133,12,1,0
BRDA:146,13,0,2
BRDA:146,13,1,13
BRDA:154,14,0,0
BRDA:154,14,1,13
BRDA:160,15,0,5
BRDA:160,15,1,8
BRDA:160,16,0,13
BRDA:160,16,1,13
BRDA:171,17,0,0
BRDA:171,17,1,0
BRDA:192,18,0,0
BRDA:196,19,0,0
BRDA:196,19,1,0
BRDA:200,20,0,0
BRDA:200,20,1,0
BRDA:211,21,0,0
BRDA:211,21,1,0
BRDA:215,22,0,0
BRDA:215,22,1,0
BRDA:223,23,0,0
BRDA:223,23,1,0
BRDA:236,24,0,0
BRDA:236,24,1,0
BRDA:280,25,0,0
BRDA:280,25,1,0
BRDA:290,26,0,0
BRDA:290,26,1,0
BRDA:320,27,0,0
BRDA:320,27,1,0
BRDA:323,28,0,0
BRDA:323,28,1,0
BRDA:372,29,0,0
BRDA:376,30,0,0
BRDA:376,30,1,0
BRDA:380,31,0,0
BRDA:380,31,1,0
BRDA:392,32,0,0
BRDA:392,32,1,0
BRDA:405,33,0,0
BRDA:405,33,1,0
BRDA:408,34,0,0
BRDA:408,34,1,0
BRDA:413,35,0,0
BRDA:413,35,1,0
BRDA:440,36,0,0
BRDA:440,36,1,0
BRDA:455,37,0,5
BRDA:455,37,1,5
BRDA:457,38,0,0
BRDA:457,38,1,5
BRDA:469,39,0,0
BRDA:472,40,0,3
BRDA:472,40,1,1
BRDA:477,41,0,0
BRDA:477,41,1,1
BRDA:493,42,0,1
BRDA:493,42,1,0
BRDA:496,43,0,0
BRDA:496,43,1,0
BRDA:501,44,0,0
BRDA:501,44,1,0
BRDA:526,45,0,0
BRDA:562,46,0,2
BRDA:580,47,0,4
BRDA:580,47,1,0
BRDA:590,48,0,0
BRDA:590,48,1,15
BRDA:594,49,0,1
BRDA:594,49,1,14
BRDA:594,50,0,15
BRDA:594,50,1,15
BRDA:600,51,0,1
BRDA:600,51,1,0
BRDA:607,52,0,1
BRDA:607,52,1,12
BRDA:607,53,0,13
BRDA:607,53,1,12
BRDA:614,54,0,12
BRDA:614,54,1,8
BRDA:618,55,0,11
BRDA:618,55,1,1
BRDA:625,56,0,9
BRDA:625,56,1,15
BRDA:643,57,0,0
BRDA:643,57,1,5
BRDA:656,58,0,0
BRDA:656,58,1,2
BRDA:656,59,0,2
BRDA:656,59,1,2
BRDA:657,60,0,0
BRDA:657,60,1,0
BRDA:662,61,0,2
BRDA:662,61,1,0
BRDA:671,62,0,2
BRDA:671,62,1,0
BRDA:673,63,0,1
BRDA:673,63,1,1
BRDA:673,64,0,2
BRDA:673,64,1,2
BRDA:679,65,0,0
BRDA:679,65,1,1
BRDA:681,66,0,0
BRDA:681,66,1,0
BRDA:681,67,0,0
BRDA:681,67,1,0
BRDA:691,68,0,0
BRDA:691,68,1,0
BRDA:691,69,0,0
BRDA:691,69,1,0
BRDA:693,70,0,0
BRDA:693,70,1,0
BRDA:693,71,0,0
BRDA:693,71,1,0
BRDA:701,72,0,1
BRDA:701,72,1,10
BRDA:706,73,0,1
BRDA:706,73,1,10
BRDA:716,74,0,10
BRDA:716,74,1,9
BRDA:722,75,0,3
BRDA:722,75,1,3
BRDA:722,76,0,6
BRDA:722,76,1,6
BRDA:731,77,0,2
BRDA:731,77,1,2
BRDA:731,78,0,4
BRDA:731,78,1,4
BRDA:740,79,0,1
BRDA:740,79,1,1
BRDA:740,80,0,2
BRDA:740,80,1,2
BRDA:741,81,0,1
BRDA:741,81,1,0
BRDA:751,82,0,0
BRDA:751,82,1,0
BRDA:751,83,0,0
BRDA:751,83,1,0
BRDA:757,84,0,0
BRDA:757,84,1,10
BRDA:758,85,0,0
BRDA:758,85,1,0
BRDA:759,86,0,0
BRDA:759,86,1,0
BRDA:777,87,0,10
BRDA:777,87,1,10
BRDA:778,88,0,4
BRDA:778,88,1,6
BRDA:778,89,0,10
BRDA:778,89,1,10
BRDA:778,89,2,10
BRDA:781,90,0,6
BRDA:781,90,1,4
BRDA:781,91,0,10
BRDA:781,91,1,10
BRDA:784,92,0,0
BRDA:784,92,1,0
BRDA:792,93,0,10
BRDA:792,93,1,0
BRDA:794,94,0,0
BRDA:794,94,1,0
BRDA:795,95,0,0
BRDA:795,95,1,0
BRDA:795,96,0,0
BRDA:795,96,1,0
BRDA:797,97,0,0
BRDA:797,97,1,0
BRDA:804,98,0,4
BRDA:804,98,1,9
BRDA:806,99,0,2
BRDA:806,99,1,2
BRDA:809,100,0,0
BRDA:809,100,1,2
BRDA:809,101,0,2
BRDA:809,101,1,2
BRDA:816,102,0,9
BRDA:816,102,1,4
BRDA:818,103,0,2
BRDA:818,103,1,7
BRDA:829,104,0,0
BRDA:829,104,1,0
BRDA:843,105,0,2
BRDA:843,105,1,1
BRDA:850,106,0,19
BRDA:850,106,1,17
BRDA:857,107,0,0
BRDA:857,107,1,6
BRDA:862,108,0,1
BRDA:862,108,1,5
BRDA:904,109,0,0
BRDA:904,109,1,4
BRDA:906,110,0,0
BRDA:906,110,1,0
BRDA:920,111,0,1
BRDA:920,111,1,0
BRDA:923,112,0,0
BRDA:923,112,1,1
BRDA:928,113,0,0
BRDA:928,113,1,0
BRDA:933,114,0,0
BRDA:933,114,1,0
BRDA:944,115,0,0
BRDA:944,115,1,0
BRDA:947,116,0,0
BRDA:947,116,1,0
BRDA:956,117,0,0
BRDA:956,117,1,0
BRDA:963,118,0,0
BRDA:963,118,1,5
BRDA:974,119,0,0
BRDA:974,119,1,0
BRDA:974,120,0,0
BRDA:974,120,1,0
BRDA:980,121,0,4
BRDA:980,121,1,0
BRDA:983,122,0,0
BRDA:983,122,1,0
BRDA:994,123,0,0
BRDA:994,123,1,0
BRDA:994,124,0,0
BRDA:994,124,1,0
BRDA:1000,125,0,0
BRDA:1000,125,1,5
BRDA:1008,126,0,0
BRDA:1008,126,1,0
BRDA:1030,127,0,0
BRDA:1030,127,1,0
BRDA:1031,128,0,0
BRDA:1031,128,1,0
BRDA:1032,129,0,0
BRDA:1032,129,1,0
BRDA:1038,130,0,0
BRDA:1038,130,1,0
BRDA:1039,131,0,0
BRDA:1039,131,1,0
BRDA:1042,132,0,0
BRDA:1042,132,1,0
BRDA:1042,133,0,0
BRDA:1042,133,1,0
BRDA:1042,134,0,0
BRDA:1042,134,1,0
BRDA:1054,135,0,0
BRDA:1054,135,1,0
BRDA:1073,136,0,1
BRDA:1073,136,1,5
BRDA:1133,137,0,1
BRDA:1133,137,1,0
BRDA:1133,137,2,0
BRDA:1175,138,0,1
BRDA:1175,138,1,0
BRDA:1175,138,2,0
BRF:277
BRH:119
end_of_record
TN:
SF:src/assets/utils.js
FN:31,getCategoryI18nKey
FN:36,attachAppUtils
FN:37,isProductActive
FN:41,resolveImage
FN:45,applyImageAssets
FN:46,(anonymous_5)
FN:51,(anonymous_6)
FN:56,(anonymous_7)
FN:62,buildProductCatalog
FN:64,(anonymous_9)
FN:67,(anonymous_10)
FN:87,getSeriesFilters
FN:89,(anonymous_12)
FN:90,(anonymous_13)
FNF:14
FNH:0
FNDA:0,getCategoryI18nKey
FNDA:0,attachAppUtils
FNDA:0,isProductActive
FNDA:0,resolveImage
FNDA:0,applyImageAssets
FNDA:0,(anonymous_5)
FNDA:0,(anonymous_6)
FNDA:0,(anonymous_7)
FNDA:0,buildProductCatalog
FNDA:0,(anonymous_9)
FNDA:0,(anonymous_10)
FNDA:0,getSeriesFilters
FNDA:0,(anonymous_12)
FNDA:0,(anonymous_13)
DA:12,0
DA:32,0
DA:33,0
DA:36,0
DA:38,0
DA:42,0
DA:46,0
DA:47,0
DA:48,0
DA:51,0
DA:52,0
DA:53,0
DA:56,0
DA:57,0
DA:58,0
DA:63,0
DA:64,0
DA:65,0
DA:68,0
DA:69,0
DA:70,0
DA:71,0
DA:88,0
DA:89,0
DA:90,0
DA:96,0
LF:26
LH:0
BRDA:33,0,0,0
BRDA:33,0,1,0
BRDA:42,1,0,0
BRDA:42,1,1,0
BRDA:45,2,0,0
BRDA:48,3,0,0
BRDA:48,3,1,0
BRDA:53,4,0,0
BRDA:53,4,1,0
BRDA:58,5,0,0
BRDA:58,5,1,0
BRDA:69,6,0,0
BRDA:69,6,1,0
BRDA:70,7,0,0
BRDA:70,7,1,0
BRDA:89,8,0,0
BRDA:89,8,1,0
BRF:17
BRH:0
end_of_record
